[I 11:10:39.622 LabApp] JupyterLab extension loaded from /home/jiongyi/anaconda3/lib/python3.7/site-packages/jupyterlab
[I 11:10:39.622 LabApp] JupyterLab application directory is /home/jiongyi/anaconda3/share/jupyter/lab
[I 11:10:39.624 LabApp] Serving notebooks from local directory: /home/jiongyi/github/jupyter/actin_assembly/bead_motility
[I 11:10:39.624 LabApp] Jupyter Notebook 6.2.0 is running at:
[I 11:10:39.624 LabApp] http://localhost:8888/?token=0edb2e4d2b7142eebbe26dea8abc3ad6b96bfbbc210845b7
[I 11:10:39.624 LabApp]  or http://127.0.0.1:8888/?token=0edb2e4d2b7142eebbe26dea8abc3ad6b96bfbbc210845b7
[I 11:10:39.624 LabApp] Use Control-C to stop this server and shut down all kernels (twice to skip confirmation).
[C 11:10:39.675 LabApp] 
    
    To access the notebook, open this file in a browser:
        file:///home/jiongyi/.local/share/jupyter/runtime/nbserver-99825-open.html
    Or copy and paste one of these URLs:
        http://localhost:8888/?token=0edb2e4d2b7142eebbe26dea8abc3ad6b96bfbbc210845b7
     or http://127.0.0.1:8888/?token=0edb2e4d2b7142eebbe26dea8abc3ad6b96bfbbc210845b7
[W 11:10:42.586 LabApp] Could not determine jupyterlab build status without nodejs
[I 11:14:22.412 LabApp] Saving file at /bead_motility.py
[I 11:17:01.843 LabApp] Saving file at /bead_motility.py
[I 11:19:01.872 LabApp] Saving file at /bead_motility.py
[I 11:19:09.713 LabApp] Saving file at /bead_motility.py
[I 11:21:09.744 LabApp] Saving file at /bead_motility.py
[I 11:22:12.673 LabApp] Saving file at /bead_motility.py
[I 11:25:54.792 LabApp] Saving file at /bead_motility.py
[I 11:27:54.824 LabApp] Saving file at /bead_motility.py
[I 11:29:10.361 LabApp] Saving file at /bead_motility.py
[W 11:29:27.210 LabApp] Notebook Untitled.ipynb is not trusted
[I 11:29:27.537 LabApp] Kernel started: ee0b86e8-733e-4ebb-a1ee-636eb6fbd256, name: python3
[I 11:35:10.400 LabApp] Saving file at /bead_motility.py
[I 11:37:10.436 LabApp] Saving file at /bead_motility.py
[I 11:39:05.699 LabApp] Saving file at /bead_motility.py
[I 11:40:48.023 LabApp] Saving file at /bead_motility.py
[I 11:42:48.057 LabApp] Saving file at /bead_motility.py
[I 11:44:16.505 LabApp] Saving file at /bead_motility.py
[I 11:44:25.873 LabApp] Creating new notebook in /
[I 11:44:26.210 LabApp] Kernel started: f90d5540-8bc3-48ea-8a66-3bc922c661b9, name: python3
[I 11:46:16.543 LabApp] Saving file at /bead_motility.py
[I 11:46:20.017 LabApp] Saving file at /bead_motility.py
[I 11:46:26.114 LabApp] Saving file at /Untitled1.ipynb
[I 11:46:34.861 LabApp] Saving file at /Untitled1.ipynb
[I 11:46:37.679 LabApp] Kernel restarted: f90d5540-8bc3-48ea-8a66-3bc922c661b9
[I 11:46:57.792 LabApp] Saving file at /bead_motility.py
[I 11:47:02.490 LabApp] Kernel restarted: f90d5540-8bc3-48ea-8a66-3bc922c661b9
[I 11:47:17.898 LabApp] Saving file at /bead_motility.py
[I 11:47:22.564 LabApp] Kernel restarted: f90d5540-8bc3-48ea-8a66-3bc922c661b9
[I 11:48:09.072 LabApp] Saving file at /bead_motility.py
[I 11:48:14.371 LabApp] Kernel restarted: f90d5540-8bc3-48ea-8a66-3bc922c661b9
[I 11:48:29.841 LabApp] Saving file at /bead_motility.py
[I 11:48:34.952 LabApp] Saving file at /Untitled1.ipynb
[I 11:48:37.848 LabApp] Kernel restarted: f90d5540-8bc3-48ea-8a66-3bc922c661b9
[I 11:48:49.693 LabApp] Saving file at /bead_motility.py
[I 11:48:54.629 LabApp] Kernel restarted: f90d5540-8bc3-48ea-8a66-3bc922c661b9
[I 11:49:14.014 LabApp] Saving file at /bead_motility.py
[I 11:49:18.970 LabApp] Kernel restarted: f90d5540-8bc3-48ea-8a66-3bc922c661b9
[I 11:50:34.998 LabApp] Saving file at /Untitled1.ipynb
[I 11:54:04.650 LabApp] Saving file at /bead_motility.py
[I 11:54:12.546 LabApp] Kernel restarted: f90d5540-8bc3-48ea-8a66-3bc922c661b9
[I 11:54:35.054 LabApp] Saving file at /Untitled1.ipynb
[I 11:56:10.362 LabApp] Saving file at /bead_motility.py
[I 11:56:35.107 LabApp] Saving file at /Untitled1.ipynb
[I 11:56:58.893 LabApp] Saving file at /bead_motility.py
[I 11:57:03.618 LabApp] Kernel restarted: f90d5540-8bc3-48ea-8a66-3bc922c661b9
[I 11:58:35.348 LabApp] Saving file at /Untitled1.ipynb
[I 12:00:59.407 LabApp] Saving file at /bead_motility.py
[I 12:01:14.767 LabApp] Saving file at /bead_motility.py
[I 12:01:18.965 LabApp] Kernel restarted: f90d5540-8bc3-48ea-8a66-3bc922c661b9
[I 12:01:36.416 LabApp] Saving file at /bead_motility.py
[I 12:01:39.248 LabApp] Kernel interrupted: f90d5540-8bc3-48ea-8a66-3bc922c661b9
[I 12:01:46.340 LabApp] Saving file at /bead_motility.py
[I 12:01:50.625 LabApp] Kernel restarted: f90d5540-8bc3-48ea-8a66-3bc922c661b9
[I 12:02:35.417 LabApp] Saving file at /Untitled1.ipynb
[I 12:03:31.400 LabApp] Saving file at /bead_motility.py
[I 12:03:37.124 LabApp] Kernel restarted: f90d5540-8bc3-48ea-8a66-3bc922c661b9
[I 12:04:35.494 LabApp] Saving file at /Untitled1.ipynb
[I 12:04:37.024 LabApp] Saving file at /bead_motility.py
[I 12:04:41.713 LabApp] Kernel restarted: f90d5540-8bc3-48ea-8a66-3bc922c661b9
[I 12:04:55.624 LabApp] Saving file at /bead_motility.py
[I 12:04:59.801 LabApp] Kernel restarted: f90d5540-8bc3-48ea-8a66-3bc922c661b9
[I 12:06:07.746 LabApp] Saving file at /bead_motility.py
[I 12:06:12.305 LabApp] Kernel restarted: f90d5540-8bc3-48ea-8a66-3bc922c661b9
[I 12:06:35.545 LabApp] Saving file at /Untitled1.ipynb
[I 12:06:57.927 LabApp] Saving file at /bead_motility.py
[I 12:07:01.811 LabApp] Kernel interrupted: f90d5540-8bc3-48ea-8a66-3bc922c661b9
[I 12:07:04.829 LabApp] Kernel restarted: f90d5540-8bc3-48ea-8a66-3bc922c661b9
[I 12:08:35.597 LabApp] Saving file at /Untitled1.ipynb
[I 12:08:43.732 LabApp] Saving file at /bead_motility.py
[I 12:09:04.390 LabApp] Saving file at /bead_motility.py
[I 12:13:04.426 LabApp] Saving file at /bead_motility.py
[I 12:13:58.287 LabApp] Saving file at /bead_motility.py
[I 12:15:58.321 LabApp] Saving file at /bead_motility.py
[I 12:17:58.358 LabApp] Saving file at /bead_motility.py
[I 12:18:05.077 LabApp] Saving file at /bead_motility.py
[I 12:20:05.109 LabApp] Saving file at /bead_motility.py
[I 12:22:05.143 LabApp] Saving file at /bead_motility.py
[I 12:24:05.173 LabApp] Saving file at /bead_motility.py
[I 12:24:05.609 LabApp] Saving file at /bead_motility.py
[I 12:26:05.642 LabApp] Saving file at /bead_motility.py
[I 12:26:21.147 LabApp] Saving file at /bead_motility.py
[I 12:26:33.887 LabApp] Saving file at /bead_motility.py
[I 12:27:04.388 LabApp] Saving file at /bead_motility.py
[I 12:27:51.401 LabApp] Saving file at /bead_motility.py
[I 12:27:56.859 LabApp] Kernel restarted: f90d5540-8bc3-48ea-8a66-3bc922c661b9
[I 12:28:36.236 LabApp] Saving file at /Untitled1.ipynb
[W 12:28:56.860 LabApp] Timeout waiting for kernel_info_reply: f90d5540-8bc3-48ea-8a66-3bc922c661b9
[I 12:29:23.877 LabApp] Kernel interrupted: f90d5540-8bc3-48ea-8a66-3bc922c661b9
Future exception was never retrieved
future: <Future finished exception=TimeoutError('Timeout waiting for restart')>
TimeoutError: Timeout waiting for restart
[I 12:29:51.437 LabApp] Saving file at /bead_motility.py
[I 12:29:59.617 LabApp] Saving file at /bead_motility.py
[I 12:30:27.508 LabApp] Saving file at /bead_motility.py
[I 12:30:33.266 LabApp] Kernel restarted: f90d5540-8bc3-48ea-8a66-3bc922c661b9
[I 12:30:36.319 LabApp] Saving file at /Untitled1.ipynb
[W 12:31:33.267 LabApp] Timeout waiting for kernel_info_reply: f90d5540-8bc3-48ea-8a66-3bc922c661b9
[I 12:32:36.551 LabApp] Saving file at /Untitled1.ipynb
[I 12:33:09.855 LabApp] Saving file at /bead_motility.py
[I 12:33:13.847 LabApp] Kernel restarted: f90d5540-8bc3-48ea-8a66-3bc922c661b9
[I 12:34:37.386 LabApp] Saving file at /Untitled1.ipynb
[I 12:36:50.283 LabApp] Saving file at /bead_motility.py
[I 12:36:55.143 LabApp] Kernel restarted: f90d5540-8bc3-48ea-8a66-3bc922c661b9
[I 12:37:09.677 LabApp] Kernel interrupted: f90d5540-8bc3-48ea-8a66-3bc922c661b9
Future exception was never retrieved
future: <Future finished exception=TimeoutError('Timeout waiting for restart')>
TimeoutError: Timeout waiting for restart
[I 12:38:21.545 LabApp] Saving file at /bead_motility.py
[I 12:38:27.108 LabApp] Kernel restarted: f90d5540-8bc3-48ea-8a66-3bc922c661b9
[I 12:38:35.216 LabApp] Kernel restarted: f90d5540-8bc3-48ea-8a66-3bc922c661b9
[I 12:38:37.434 LabApp] Saving file at /Untitled1.ipynb
[I 12:38:38.658 LabApp] Kernel interrupted: f90d5540-8bc3-48ea-8a66-3bc922c661b9
[I 12:38:42.315 LabApp] Kernel restarted: f90d5540-8bc3-48ea-8a66-3bc922c661b9
[I 12:38:50.723 LabApp] Saving file at /bead_motility.py
[I 12:38:54.877 LabApp] Kernel restarted: f90d5540-8bc3-48ea-8a66-3bc922c661b9
[I 12:39:23.712 LabApp] Kernel interrupted: f90d5540-8bc3-48ea-8a66-3bc922c661b9
[I 12:40:37.485 LabApp] Saving file at /Untitled1.ipynb
[I 12:40:50.758 LabApp] Saving file at /bead_motility.py
[I 12:42:50.794 LabApp] Saving file at /bead_motility.py
[I 12:43:13.012 LabApp] Saving file at /bead_motility.py
[I 12:43:36.690 LabApp] Saving file at /bead_motility.py
[I 12:43:58.387 LabApp] Saving file at /bead_motility.py
[I 12:45:52.142 LabApp] Saving file at /bead_motility.py
[I 12:47:52.176 LabApp] Saving file at /bead_motility.py
[I 12:48:01.831 LabApp] Saving file at /bead_motility.py
[I 12:48:10.973 LabApp] Saving file at /bead_motility.py
[I 12:48:15.024 LabApp] Saving file at /bead_motility.py
[I 12:50:15.055 LabApp] Saving file at /bead_motility.py
[I 12:52:15.096 LabApp] Saving file at /bead_motility.py
[I 12:53:14.655 LabApp] Saving file at /bead_motility.py
[I 12:55:14.691 LabApp] Saving file at /bead_motility.py
[I 12:55:42.586 LabApp] Saving file at /bead_motility.py
[I 12:56:18.241 LabApp] Saving file at /bead_motility.py
[I 12:56:23.188 LabApp] Kernel restarted: f90d5540-8bc3-48ea-8a66-3bc922c661b9
[I 12:56:37.543 LabApp] Saving file at /Untitled1.ipynb
[I 12:58:18.275 LabApp] Saving file at /bead_motility.py
[I 12:58:37.594 LabApp] Saving file at /Untitled1.ipynb
[I 12:59:04.279 LabApp] Saving file at /bead_motility.py
[I 13:00:45.989 LabApp] Saving file at /bead_motility.py
[I 13:02:46.025 LabApp] Saving file at /bead_motility.py
[I 13:04:46.098 LabApp] Saving file at /bead_motility.py
[I 13:36:46.138 LabApp] Saving file at /bead_motility.py
[I 13:37:52.156 LabApp] Saving file at /bead_motility.py
[I 13:39:52.188 LabApp] Saving file at /bead_motility.py
[I 13:40:08.973 LabApp] Saving file at /bead_motility.py
[I 18:16:09.085 LabApp] Saving file at /bead_motility.py
[I 18:18:09.122 LabApp] Saving file at /bead_motility.py
[I 18:20:09.159 LabApp] Saving file at /bead_motility.py
[I 18:20:48.449 LabApp] Saving file at /bead_motility.py
[I 18:21:42.901 LabApp] Saving file at /bead_motility.py
[I 18:21:47.586 LabApp] Kernel restarted: f90d5540-8bc3-48ea-8a66-3bc922c661b9
[I 18:22:12.171 LabApp] Saving file at /bead_motility.py
[I 18:22:17.210 LabApp] Kernel restarted: f90d5540-8bc3-48ea-8a66-3bc922c661b9
[I 18:22:37.737 LabApp] Saving file at /Untitled1.ipynb
[I 18:24:39.506 LabApp] Saving file at /bead_motility.py
[I 18:24:45.424 LabApp] Kernel restarted: f90d5540-8bc3-48ea-8a66-3bc922c661b9
[I 18:25:52.432 LabApp] Saving file at /bead_motility.py
[I 18:26:15.699 LabApp] Saving file at /bead_motility.py
[I 18:26:19.647 LabApp] Kernel restarted: f90d5540-8bc3-48ea-8a66-3bc922c661b9
[I 18:26:37.785 LabApp] Saving file at /Untitled1.ipynb
[I 18:26:41.896 LabApp] Kernel restarted: f90d5540-8bc3-48ea-8a66-3bc922c661b9
[I 18:27:23.558 LabApp] Kernel restarted: f90d5540-8bc3-48ea-8a66-3bc922c661b9
[I 18:28:37.830 LabApp] Saving file at /Untitled1.ipynb
[I 18:29:09.249 LabApp] Saving file at /bead_motility.py
[I 18:29:13.689 LabApp] Kernel restarted: f90d5540-8bc3-48ea-8a66-3bc922c661b9
[I 18:29:50.523 LabApp] Saving file at /bead_motility.py
[I 18:29:54.830 LabApp] Kernel restarted: f90d5540-8bc3-48ea-8a66-3bc922c661b9
[I 18:30:37.888 LabApp] Saving file at /Untitled1.ipynb
[W 18:30:54.832 LabApp] Timeout waiting for kernel_info_reply: f90d5540-8bc3-48ea-8a66-3bc922c661b9
[I 18:31:50.557 LabApp] Saving file at /bead_motility.py
[I 18:32:37.940 LabApp] Saving file at /Untitled1.ipynb
[I 18:33:50.595 LabApp] Saving file at /bead_motility.py
[I 18:33:58.296 LabApp] Saving file at /bead_motility.py
[I 18:35:58.330 LabApp] Saving file at /bead_motility.py
[I 18:36:35.904 LabApp] Saving file at /bead_motility.py
[I 18:37:11.414 LabApp] Saving file at /bead_motility.py
[I 18:38:16.688 LabApp] Saving file at /bead_motility.py
[I 18:40:16.723 LabApp] Saving file at /bead_motility.py
[I 18:40:17.567 LabApp] Saving file at /bead_motility.py
[I 18:41:57.883 LabApp] Saving file at /bead_motility.py
[I 18:43:50.152 LabApp] Saving file at /bead_motility.py
[I 18:43:55.287 LabApp] Kernel restarted: f90d5540-8bc3-48ea-8a66-3bc922c661b9
[I 18:44:33.141 LabApp] Saving file at /bead_motility.py
[I 18:44:37.365 LabApp] Kernel restarted: f90d5540-8bc3-48ea-8a66-3bc922c661b9
[I 18:44:38.074 LabApp] Saving file at /Untitled1.ipynb
[I 18:44:59.134 LabApp] Saving file at /bead_motility.py
[I 18:45:04.171 LabApp] Kernel restarted: f90d5540-8bc3-48ea-8a66-3bc922c661b9
[I 18:45:15.293 LabApp] Saving file at /bead_motility.py
[I 18:45:19.738 LabApp] Kernel restarted: f90d5540-8bc3-48ea-8a66-3bc922c661b9
[I 18:45:47.183 LabApp] Saving file at /bead_motility.py
[I 18:45:51.417 LabApp] Kernel restarted: f90d5540-8bc3-48ea-8a66-3bc922c661b9
[I 18:46:38.130 LabApp] Saving file at /Untitled1.ipynb
[I 18:47:47.216 LabApp] Saving file at /bead_motility.py
[I 18:48:06.929 LabApp] Saving file at /bead_motility.py
[I 18:48:16.230 LabApp] Kernel restarted: f90d5540-8bc3-48ea-8a66-3bc922c661b9
[I 18:48:38.182 LabApp] Saving file at /Untitled1.ipynb
[W 18:49:16.232 LabApp] Timeout waiting for kernel_info_reply: f90d5540-8bc3-48ea-8a66-3bc922c661b9
[I 18:49:40.304 LabApp] Saving file at /bead_motility.py
[I 18:49:45.422 LabApp] Kernel restarted: f90d5540-8bc3-48ea-8a66-3bc922c661b9
Future exception was never retrieved
future: <Future finished exception=TimeoutError('Timeout waiting for restart')>
TimeoutError: Timeout waiting for restart
[I 18:50:38.238 LabApp] Saving file at /Untitled1.ipynb
[I 18:50:55.547 LabApp] Saving file at /bead_motility.py
[I 18:51:05.449 LabApp] Kernel restarted: f90d5540-8bc3-48ea-8a66-3bc922c661b9
Fatal Python error: initsite: Failed to import the site module
[I 18:51:05.466 LabApp] Kernel interrupted: f90d5540-8bc3-48ea-8a66-3bc922c661b9
Traceback (most recent call last):
  File "/home/jiongyi/anaconda3/lib/python3.7/site.py", line 579, in <module>
    main()
  File "/home/jiongyi/anaconda3/lib/python3.7/site.py", line 566, in main
    known_paths = addsitepackages(known_paths)
  File "/home/jiongyi/anaconda3/lib/python3.7/site.py", line 349, in addsitepackages
    addsitedir(sitedir, known_paths)
  File "/home/jiongyi/anaconda3/lib/python3.7/site.py", line 207, in addsitedir
    addpackage(sitedir, name, known_paths)
  File "/home/jiongyi/anaconda3/lib/python3.7/site.py", line 168, in addpackage
    exec(line)
  File "<string>", line 1, in <module>
  File "/home/jiongyi/anaconda3/lib/python3.7/importlib/util.py", line 14, in <module>
    from contextlib import contextmanager
  File "/home/jiongyi/anaconda3/lib/python3.7/contextlib.py", line 6, in <module>
    from functools import wraps
  File "<frozen importlib._bootstrap>", line 983, in _find_and_load
  File "<frozen importlib._bootstrap>", line 963, in _find_and_load_unlocked
  File "<frozen importlib._bootstrap>", line 906, in _find_spec
  File "<frozen importlib._bootstrap_external>", line 1283, in find_spec
KeyboardInterrupt
[I 18:51:06.564 LabApp] Kernel restarted: f90d5540-8bc3-48ea-8a66-3bc922c661b9
[W 18:52:05.452 LabApp] Timeout waiting for kernel_info_reply: f90d5540-8bc3-48ea-8a66-3bc922c661b9
[W 18:52:06.566 LabApp] Timeout waiting for kernel_info_reply: f90d5540-8bc3-48ea-8a66-3bc922c661b9
[I 18:52:08.046 LabApp] Kernel interrupted: f90d5540-8bc3-48ea-8a66-3bc922c661b9
[I 18:52:11.969 LabApp] Kernel restarted: f90d5540-8bc3-48ea-8a66-3bc922c661b9
[I 18:52:38.296 LabApp] Saving file at /Untitled1.ipynb
[I 18:52:47.852 LabApp] Kernel interrupted: f90d5540-8bc3-48ea-8a66-3bc922c661b9
[I 18:52:53.602 LabApp] Kernel shutdown: ee0b86e8-733e-4ebb-a1ee-636eb6fbd256
[I 18:52:53.807 LabApp] Kernel shutdown: f90d5540-8bc3-48ea-8a66-3bc922c661b9
[I 18:52:56.600 LabApp] Kernel started: 68b5b2bb-6bba-49f2-873b-f5011463851a, name: python3
Future exception was never retrieved
future: <Future finished exception=TimeoutError('Timeout waiting for restart')>
TimeoutError: Timeout waiting for restart
Future exception was never retrieved
future: <Future finished exception=TimeoutError('Timeout waiting for restart')>
TimeoutError: Timeout waiting for restart
[I 18:54:38.357 LabApp] Saving file at /Untitled1.ipynb
[I 18:55:40.593 LabApp] Saving file at /bead_motility.py
[I 18:55:46.393 LabApp] Kernel restarted: 68b5b2bb-6bba-49f2-873b-f5011463851a
[I 18:56:38.439 LabApp] Saving file at /Untitled1.ipynb
[W 18:56:46.394 LabApp] Timeout waiting for kernel_info_reply: 68b5b2bb-6bba-49f2-873b-f5011463851a
Future exception was never retrieved
future: <Future finished exception=TimeoutError('Timeout waiting for restart')>
TimeoutError: Timeout waiting for restart
[I 18:58:32.583 LabApp] Saving file at /bead_motility.py
[I 18:58:38.495 LabApp] Saving file at /Untitled1.ipynb
[I 19:02:32.622 LabApp] Saving file at /bead_motility.py
[I 19:02:38.333 LabApp] Saving file at /bead_motility.py
[I 19:02:44.376 LabApp] Kernel restarted: 68b5b2bb-6bba-49f2-873b-f5011463851a
[I 19:03:39.594 LabApp] Saving file at /bead_motility.py
[I 19:03:48.821 LabApp] Kernel restarted: 68b5b2bb-6bba-49f2-873b-f5011463851a
[I 19:03:48.835 LabApp] Kernel interrupted: 68b5b2bb-6bba-49f2-873b-f5011463851a
Fatal Python error: initsite: Failed to import the site module
Traceback (most recent call last):
  File "/home/jiongyi/anaconda3/lib/python3.7/site.py", line 579, in <module>
    main()
  File "/home/jiongyi/anaconda3/lib/python3.7/site.py", line 566, in main
    known_paths = addsitepackages(known_paths)
  File "/home/jiongyi/anaconda3/lib/python3.7/site.py", line 349, in addsitepackages
    addsitedir(sitedir, known_paths)
  File "/home/jiongyi/anaconda3/lib/python3.7/site.py", line 207, in addsitedir
    addpackage(sitedir, name, known_paths)
  File "/home/jiongyi/anaconda3/lib/python3.7/site.py", line 168, in addpackage
    exec(line)
  File "<string>", line 1, in <module>
KeyboardInterrupt
[I 19:03:51.821 LabApp] KernelRestarter: restarting kernel (1/5), keep random ports
kernel 68b5b2bb-6bba-49f2-873b-f5011463851a restarted
[I 19:03:59.338 LabApp] Kernel restarted: 68b5b2bb-6bba-49f2-873b-f5011463851a
[I 19:04:38.542 LabApp] Saving file at /Untitled1.ipynb
[W 19:04:48.823 LabApp] Timeout waiting for kernel_info_reply: 68b5b2bb-6bba-49f2-873b-f5011463851a
[I 19:06:38.610 LabApp] Saving file at /Untitled1.ipynb
Future exception was never retrieved
future: <Future finished exception=TimeoutError('Timeout waiting for restart')>
TimeoutError: Timeout waiting for restart
[I 19:08:05.806 LabApp] Kernel restarted: 68b5b2bb-6bba-49f2-873b-f5011463851a
[I 19:08:38.695 LabApp] Saving file at /Untitled1.ipynb
[W 19:09:05.808 LabApp] Timeout waiting for kernel_info_reply: 68b5b2bb-6bba-49f2-873b-f5011463851a
[I 19:10:38.766 LabApp] Saving file at /Untitled1.ipynb
Future exception was never retrieved
future: <Future finished exception=TimeoutError('Timeout waiting for restart')>
TimeoutError: Timeout waiting for restart
Future exception was never retrieved
future: <Future finished exception=TimeoutError('Timeout waiting for restart')>
TimeoutError: Timeout waiting for restart
[I 20:48:11.049 LabApp] Saving file at /bead_motility.py
[I 20:48:17.030 LabApp] Kernel restarted: 68b5b2bb-6bba-49f2-873b-f5011463851a
[I 20:48:38.466 LabApp] Saving file at /bead_motility.py
[I 20:48:38.892 LabApp] Saving file at /Untitled1.ipynb
[I 20:48:43.783 LabApp] Kernel restarted: 68b5b2bb-6bba-49f2-873b-f5011463851a
[W 20:49:43.785 LabApp] Timeout waiting for kernel_info_reply: 68b5b2bb-6bba-49f2-873b-f5011463851a
[I 20:50:38.946 LabApp] Saving file at /Untitled1.ipynb
Future exception was never retrieved
future: <Future finished exception=TimeoutError('Timeout waiting for restart')>
TimeoutError: Timeout waiting for restart
[I 20:56:39.140 LabApp] Saving file at /bead_motility.py
[I 20:57:33.041 LabApp] Saving file at /bead_motility.py
[I 20:57:38.202 LabApp] Kernel restarted: 68b5b2bb-6bba-49f2-873b-f5011463851a
[I 20:57:54.694 LabApp] Saving file at /bead_motility.py
[I 20:57:57.168 LabApp] Kernel interrupted: 68b5b2bb-6bba-49f2-873b-f5011463851a
[I 20:58:00.148 LabApp] Kernel restarted: 68b5b2bb-6bba-49f2-873b-f5011463851a
[I 20:58:39.145 LabApp] Saving file at /Untitled1.ipynb
[W 20:59:00.150 LabApp] Timeout waiting for kernel_info_reply: 68b5b2bb-6bba-49f2-873b-f5011463851a
[I 21:00:39.247 LabApp] Saving file at /Untitled1.ipynb
Future exception was never retrieved
future: <Future finished exception=TimeoutError('Timeout waiting for restart')>
TimeoutError: Timeout waiting for restart
[I 21:03:28.410 LabApp] Saving file at /bead_motility.py
[I 21:03:33.810 LabApp] Kernel restarted: 68b5b2bb-6bba-49f2-873b-f5011463851a
[I 21:04:39.347 LabApp] Saving file at /Untitled1.ipynb
[I 21:06:36.794 LabApp] Saving file at /bead_motility.py
[I 21:06:39.432 LabApp] Saving file at /Untitled1.ipynb
[I 21:08:36.829 LabApp] Saving file at /bead_motility.py
[I 21:10:19.096 LabApp] Saving file at /bead_motility.py
[I 21:10:28.712 LabApp] Kernel restarted: 68b5b2bb-6bba-49f2-873b-f5011463851a
[I 21:10:39.522 LabApp] Saving file at /Untitled1.ipynb
[I 21:10:50.775 LabApp] Saving file at /bead_motility.py
[I 21:10:55.286 LabApp] Kernel restarted: 68b5b2bb-6bba-49f2-873b-f5011463851a
[I 21:11:05.362 LabApp] Kernel interrupted: 68b5b2bb-6bba-49f2-873b-f5011463851a
[I 21:11:18.829 LabApp] Saving file at /Untitled1.ipynb
[I 21:11:22.089 LabApp] Kernel restarted: 68b5b2bb-6bba-49f2-873b-f5011463851a
[I 21:12:15.022 LabApp] Kernel interrupted: 68b5b2bb-6bba-49f2-873b-f5011463851a
[I 21:12:26.334 LabApp] Saving file at /bead_motility.py
[I 21:13:14.950 LabApp] Saving file at /bead_motility.py
[I 21:13:19.115 LabApp] Kernel restarted: 68b5b2bb-6bba-49f2-873b-f5011463851a
[I 21:13:19.189 LabApp] Saving file at /Untitled1.ipynb
[W 21:14:19.117 LabApp] Timeout waiting for kernel_info_reply: 68b5b2bb-6bba-49f2-873b-f5011463851a
[I 21:15:19.337 LabApp] Saving file at /Untitled1.ipynb
Future exception was never retrieved
future: <Future finished exception=TimeoutError('Timeout waiting for restart')>
TimeoutError: Timeout waiting for restart
[I 21:18:42.659 LabApp] Saving file at /bead_motility.py
[I 21:18:47.510 LabApp] Kernel restarted: 68b5b2bb-6bba-49f2-873b-f5011463851a
[I 21:19:19.514 LabApp] Saving file at /Untitled1.ipynb
[I 21:21:19.578 LabApp] Saving file at /Untitled1.ipynb
[I 21:25:04.909 LabApp] Saving file at /bead_motility.py
[I 21:25:10.536 LabApp] Kernel restarted: 68b5b2bb-6bba-49f2-873b-f5011463851a
[I 21:25:19.649 LabApp] Saving file at /Untitled1.ipynb
[W 21:26:10.538 LabApp] Timeout waiting for kernel_info_reply: 68b5b2bb-6bba-49f2-873b-f5011463851a
Future exception was never retrieved
future: <Future finished exception=TimeoutError('Timeout waiting for restart')>
TimeoutError: Timeout waiting for restart
[I 21:27:19.715 LabApp] Saving file at /Untitled1.ipynb
[I 21:28:35.610 LabApp] Saving file at /bead_motility.py
[I 21:28:40.785 LabApp] Kernel restarted: 68b5b2bb-6bba-49f2-873b-f5011463851a
[I 21:29:19.880 LabApp] Saving file at /Untitled1.ipynb
[W 21:29:40.787 LabApp] Timeout waiting for kernel_info_reply: 68b5b2bb-6bba-49f2-873b-f5011463851a
[I 21:31:19.969 LabApp] Saving file at /Untitled1.ipynb
[I 21:35:12.846 LabApp] Saving file at /bead_motility.py
Future exception was never retrieved
future: <Future finished exception=TimeoutError('Timeout waiting for restart')>
TimeoutError: Timeout waiting for restart
[I 21:37:12.875 LabApp] Saving file at /bead_motility.py
[I 21:37:21.784 LabApp] Saving file at /bead_motility.py
[I 21:37:26.264 LabApp] Kernel restarted: 68b5b2bb-6bba-49f2-873b-f5011463851a
[I 21:37:42.925 LabApp] Saving file at /bead_motility.py
[I 21:37:50.422 LabApp] Kernel restarted: 68b5b2bb-6bba-49f2-873b-f5011463851a
[I 21:39:20.347 LabApp] Saving file at /Untitled1.ipynb
[I 21:39:24.813 LabApp] Saving file at /bead_motility.py
[I 21:39:30.880 LabApp] Kernel restarted: 68b5b2bb-6bba-49f2-873b-f5011463851a
[I 21:39:51.194 LabApp] Saving file at /bead_motility.py
[I 21:41:20.441 LabApp] Saving file at /Untitled1.ipynb
[I 21:42:17.692 LabApp] Kernel restarted: 68b5b2bb-6bba-49f2-873b-f5011463851a
[I 21:42:59.174 LabApp] Saving file at /bead_motility.py
[I 21:43:05.064 LabApp] Kernel restarted: 68b5b2bb-6bba-49f2-873b-f5011463851a
[I 21:43:20.495 LabApp] Saving file at /Untitled1.ipynb
[I 21:43:57.055 LabApp] Saving file at /bead_motility.py
[I 21:44:07.037 LabApp] Kernel restarted: 68b5b2bb-6bba-49f2-873b-f5011463851a
[W 21:45:07.040 LabApp] Timeout waiting for kernel_info_reply: 68b5b2bb-6bba-49f2-873b-f5011463851a
[I 21:45:20.549 LabApp] Saving file at /Untitled1.ipynb
Future exception was never retrieved
future: <Future finished exception=TimeoutError('Timeout waiting for restart')>
TimeoutError: Timeout waiting for restart
[I 21:46:42.782 LabApp] Saving file at /bead_motility.py
[I 21:47:20.668 LabApp] Saving file at /Untitled1.ipynb
[I 21:47:43.993 LabApp] Saving file at /bead_motility.py
[I 21:47:49.282 LabApp] Kernel restarted: 68b5b2bb-6bba-49f2-873b-f5011463851a
[I 21:48:27.347 LabApp] Saving file at /bead_motility.py
[I 21:48:31.936 LabApp] Kernel restarted: 68b5b2bb-6bba-49f2-873b-f5011463851a
[I 21:49:20.827 LabApp] Saving file at /Untitled1.ipynb
[I 21:51:20.908 LabApp] Saving file at /Untitled1.ipynb
[I 21:56:42.313 LabApp] Saving file at /bead_motility.py
[I 21:57:59.757 LabApp] Saving file at /bead_motility.py
[I 21:58:05.202 LabApp] Kernel restarted: 68b5b2bb-6bba-49f2-873b-f5011463851a
[I 21:59:21.084 LabApp] Saving file at /Untitled1.ipynb
[I 22:01:21.188 LabApp] Saving file at /Untitled1.ipynb
[I 22:03:07.963 LabApp] Saving file at /bead_motility.py
[I 22:03:17.214 LabApp] Kernel restarted: 68b5b2bb-6bba-49f2-873b-f5011463851a
[I 22:03:21.336 LabApp] Saving file at /Untitled1.ipynb
[I 22:04:37.484 LabApp] Saving file at /bead_motility.py
[I 22:04:46.224 LabApp] Kernel restarted: 68b5b2bb-6bba-49f2-873b-f5011463851a
[I 22:05:07.573 LabApp] Saving file at /bead_motility.py
[I 22:05:11.848 LabApp] Kernel restarted: 68b5b2bb-6bba-49f2-873b-f5011463851a
[I 22:05:21.390 LabApp] Saving file at /Untitled1.ipynb
[I 22:06:02.913 LabApp] Saving file at /bead_motility.py
[I 22:06:08.543 LabApp] Kernel restarted: 68b5b2bb-6bba-49f2-873b-f5011463851a
[I 22:07:21.449 LabApp] Saving file at /Untitled1.ipynb
[I 22:09:21.544 LabApp] Saving file at /Untitled1.ipynb
[I 22:26:02.951 LabApp] Saving file at /bead_motility.py
[I 22:26:08.118 LabApp] Saving file at /bead_motility.py
[I 22:28:04.574 LabApp] Saving file at /bead_motility.py
[I 22:29:22.175 LabApp] Saving file at /bead_motility.py
[I 22:34:10.304 LabApp] Saving file at /Untitled1.ipynb
[I 22:36:11.280 LabApp] Saving file at /bead_motility.py
[I 22:36:17.274 LabApp] Kernel restarted: 68b5b2bb-6bba-49f2-873b-f5011463851a
[I 22:37:24.250 LabApp] Saving file at /bead_motility.py
[I 22:37:32.828 LabApp] Saving file at /bead_motility.py
[I 22:37:59.350 LabApp] Saving file at /bead_motility.py
[I 22:38:10.448 LabApp] Saving file at /Untitled1.ipynb
[I 22:38:30.934 LabApp] Saving file at /bead_motility.py
[I 22:38:35.252 LabApp] Kernel restarted: 68b5b2bb-6bba-49f2-873b-f5011463851a
[I 22:40:10.498 LabApp] Saving file at /Untitled1.ipynb
[I 22:40:48.182 LabApp] Saving file at /bead_motility.py
[I 22:40:52.427 LabApp] Kernel restarted: 68b5b2bb-6bba-49f2-873b-f5011463851a
[W 22:41:52.429 LabApp] Timeout waiting for kernel_info_reply: 68b5b2bb-6bba-49f2-873b-f5011463851a
[I 22:42:10.557 LabApp] Saving file at /Untitled1.ipynb
[I 22:44:10.660 LabApp] Saving file at /Untitled1.ipynb
[I 22:46:51.081 LabApp] Saving file at /bead_motility.py
[I 22:52:51.546 LabApp] Saving file at /bead_motility.py
[I 22:53:04.145 LabApp] Saving file at /bead_motility.py
[I 22:54:59.152 LabApp] Saving file at /bead_motility.py
[I 22:55:10.495 LabApp] Saving file at /bead_motility.py
[I 22:55:15.909 LabApp] Kernel restarted: 68b5b2bb-6bba-49f2-873b-f5011463851a
[I 22:56:11.554 LabApp] Saving file at /Untitled1.ipynb
[I 22:57:13.625 LabApp] Saving file at /bead_motility.py
[I 22:57:19.072 LabApp] Kernel restarted: 68b5b2bb-6bba-49f2-873b-f5011463851a
[I 22:58:11.653 LabApp] Saving file at /Untitled1.ipynb
[I 23:00:11.748 LabApp] Saving file at /Untitled1.ipynb
[I 23:01:13.661 LabApp] Saving file at /bead_motility.py
[I 23:03:13.698 LabApp] Saving file at /bead_motility.py
[I 23:04:01.747 LabApp] Saving file at /bead_motility.py
[I 23:04:24.998 LabApp] Kernel restarted: 68b5b2bb-6bba-49f2-873b-f5011463851a
[I 23:04:44.451 LabApp] Saving file at /bead_motility.py
[I 23:04:49.371 LabApp] Kernel restarted: 68b5b2bb-6bba-49f2-873b-f5011463851a
[I 23:05:17.152 LabApp] Saving file at /bead_motility.py
[I 23:06:11.885 LabApp] Saving file at /Untitled1.ipynb
[I 23:08:11.976 LabApp] Saving file at /Untitled1.ipynb
[I 23:13:17.188 LabApp] Saving file at /bead_motility.py
[I 23:15:17.222 LabApp] Saving file at /bead_motility.py
[I 23:15:48.216 LabApp] Saving file at /bead_motility.py
[I 23:16:10.747 LabApp] Kernel restarted: 68b5b2bb-6bba-49f2-873b-f5011463851a
[I 23:16:12.113 LabApp] Saving file at /Untitled1.ipynb
[I 23:16:50.313 LabApp] Saving file at /bead_motility.py
[I 23:16:54.498 LabApp] Kernel restarted: 68b5b2bb-6bba-49f2-873b-f5011463851a
[W 23:17:54.500 LabApp] Timeout waiting for kernel_info_reply: 68b5b2bb-6bba-49f2-873b-f5011463851a
[I 23:18:12.170 LabApp] Saving file at /Untitled1.ipynb
[I 23:20:12.263 LabApp] Saving file at /Untitled1.ipynb
Future exception was never retrieved
future: <Future finished exception=TimeoutError('Timeout waiting for restart')>
TimeoutError: Timeout waiting for restart
[I 23:26:50.350 LabApp] Saving file at /bead_motility.py
[I 23:28:50.385 LabApp] Saving file at /bead_motility.py
[I 23:28:54.136 LabApp] Saving file at /bead_motility.py
[I 23:30:54.168 LabApp] Saving file at /bead_motility.py
[I 23:31:03.451 LabApp] Saving file at /bead_motility.py
[I 23:31:08.117 LabApp] Kernel restarted: 68b5b2bb-6bba-49f2-873b-f5011463851a
[I 23:32:12.403 LabApp] Saving file at /Untitled1.ipynb
[I 23:32:37.134 LabApp] Saving file at /bead_motility.py
[I 23:32:44.370 LabApp] Saving file at /bead_motility.py
[I 23:34:12.503 LabApp] Saving file at /Untitled1.ipynb
[I 23:34:25.883 LabApp] Saving file at /bead_motility.py
[I 23:36:25.916 LabApp] Saving file at /bead_motility.py
[I 23:36:57.235 LabApp] Saving file at /bead_motility.py
[I 23:40:04.246 LabApp] Saving file at /bead_motility.py
[I 23:40:29.173 LabApp] Kernel restarted: 68b5b2bb-6bba-49f2-873b-f5011463851a
[I 23:41:36.921 LabApp] Saving file at /bead_motility.py
[I 23:42:12.659 LabApp] Saving file at /Untitled1.ipynb
[I 23:42:20.607 LabApp] Saving file at /bead_motility.py
[I 23:42:34.439 LabApp] Saving file at /Untitled1.ipynb
[I 23:42:52.987 LabApp] Kernel restarted: 68b5b2bb-6bba-49f2-873b-f5011463851a
[W 23:43:52.988 LabApp] Timeout waiting for kernel_info_reply: 68b5b2bb-6bba-49f2-873b-f5011463851a
[I 23:44:34.648 LabApp] Saving file at /Untitled1.ipynb
[I 23:46:34.809 LabApp] Saving file at /Untitled1.ipynb
[I 23:48:34.962 LabApp] Saving file at /Untitled1.ipynb
[I 23:50:35.116 LabApp] Saving file at /Untitled1.ipynb
[I 23:50:50.132 LabApp] Saving file at /bead_motility.py
[I 23:51:00.820 LabApp] Kernel restarted: 68b5b2bb-6bba-49f2-873b-f5011463851a
[I 23:51:16.901 LabApp] Saving file at /bead_motility.py
[I 23:51:21.675 LabApp] Kernel restarted: 68b5b2bb-6bba-49f2-873b-f5011463851a
[I 23:52:35.271 LabApp] Saving file at /Untitled1.ipynb
[I 23:54:35.379 LabApp] Saving file at /Untitled1.ipynb
[I 23:56:35.559 LabApp] Saving file at /Untitled1.ipynb
[I 23:57:12.832 LabApp] Saving file at /Untitled1.ipynb
[I 23:57:15.937 LabApp] Kernel restarted: 68b5b2bb-6bba-49f2-873b-f5011463851a
[I 23:59:12.988 LabApp] Saving file at /Untitled1.ipynb
[I 00:01:24.709 LabApp] Saving file at /bead_motility.py
[I 00:01:29.274 LabApp] Kernel restarted: 68b5b2bb-6bba-49f2-873b-f5011463851a
[I 00:03:13.108 LabApp] Saving file at /Untitled1.ipynb
[I 00:03:24.743 LabApp] Saving file at /bead_motility.py
[I 00:04:57.180 LabApp] Saving file at /bead_motility.py
[I 00:05:17.927 LabApp] Saving file at /Untitled1.ipynb
[I 00:05:20.573 LabApp] Saving file at /bead_motility.py
[I 00:05:24.525 LabApp] Kernel restarted: 68b5b2bb-6bba-49f2-873b-f5011463851a
[W 00:06:24.527 LabApp] Timeout waiting for kernel_info_reply: 68b5b2bb-6bba-49f2-873b-f5011463851a
[I 00:07:18.036 LabApp] Saving file at /Untitled1.ipynb
Future exception was never retrieved
future: <Future finished exception=TimeoutError('Timeout waiting for restart')>
TimeoutError: Timeout waiting for restart
Future exception was never retrieved
future: <Future finished exception=TimeoutError('Timeout waiting for restart')>
TimeoutError: Timeout waiting for restart
Future exception was never retrieved
future: <Future finished exception=TimeoutError('Timeout waiting for restart')>
TimeoutError: Timeout waiting for restart
[I 00:08:30.828 LabApp] Saving file at /bead_motility.py
[I 00:08:58.358 LabApp] Kernel restarted: 68b5b2bb-6bba-49f2-873b-f5011463851a
[I 00:09:18.181 LabApp] Saving file at /Untitled1.ipynb
[I 00:11:18.265 LabApp] Saving file at /Untitled1.ipynb
[I 00:13:18.456 LabApp] Saving file at /Untitled1.ipynb
[I 00:14:43.224 LabApp] Saving file at /Untitled1.ipynb
[I 00:14:43.351 LabApp] Saving file at /bead_motility.py
[I 00:14:43.354 LabApp] Saving file at /Untitled.ipynb
[I 00:14:45.357 LabApp] Saving file at /bead_motility.py
[I 00:40:03.167 LabApp] Saving file at /Untitled1.ipynb
[I 00:40:06.671 LabApp] Kernel restarted: 68b5b2bb-6bba-49f2-873b-f5011463851a
[I 00:42:03.535 LabApp] Saving file at /Untitled1.ipynb
[I 09:45:55.911 LabApp] Saving file at /bead_motility.py
[I 09:47:25.092 LabApp] Saving file at /Untitled1.ipynb
[I 09:47:25.153 LabApp] Saving file at /bead_motility.py
[I 09:47:25.159 LabApp] Saving file at /Untitled.ipynb
[I 09:49:25.189 LabApp] Saving file at /bead_motility.py
[I 09:51:25.226 LabApp] Saving file at /bead_motility.py
[I 09:53:25.262 LabApp] Saving file at /bead_motility.py
[I 09:55:25.297 LabApp] Saving file at /bead_motility.py
[I 09:55:51.463 LabApp] Saving file at /bead_motility.py
[I 09:56:00.397 LabApp] Kernel restarted: 68b5b2bb-6bba-49f2-873b-f5011463851a
[I 09:56:50.238 LabApp] Saving file at /bead_motility.py
[I 09:57:25.183 LabApp] Saving file at /Untitled1.ipynb
[I 09:58:37.599 LabApp] Saving file at /bead_motility.py
[I 10:02:38.546 LabApp] Saving file at /bead_motility.py
[I 10:04:38.589 LabApp] Saving file at /bead_motility.py
[I 10:06:38.666 LabApp] Saving file at /bead_motility.py
[I 10:08:38.698 LabApp] Saving file at /bead_motility.py
[I 10:09:49.771 LabApp] Saving file at /bead_motility.py
[I 10:10:39.830 LabApp] Saving file at /bead_motility.py
[I 10:12:40.402 LabApp] Saving file at /bead_motility.py
[I 10:13:26.709 LabApp] Saving file at /bead_motility.py
[I 10:15:26.742 LabApp] Saving file at /bead_motility.py
[I 10:17:26.777 LabApp] Saving file at /bead_motility.py
[I 10:18:45.638 LabApp] Saving file at /bead_motility.py
[I 10:24:46.475 LabApp] Saving file at /bead_motility.py
[I 10:25:19.953 LabApp] Saving file at /bead_motility.py
[I 10:25:26.101 LabApp] Kernel restarted: 68b5b2bb-6bba-49f2-873b-f5011463851a
[I 10:25:27.485 LabApp] Saving file at /Untitled1.ipynb
[I 10:25:50.172 LabApp] Saving file at /bead_motility.py
[I 10:25:54.725 LabApp] Kernel restarted: 68b5b2bb-6bba-49f2-873b-f5011463851a
[I 10:26:02.107 LabApp] Saving file at /bead_motility.py
[I 10:26:06.793 LabApp] Kernel restarted: 68b5b2bb-6bba-49f2-873b-f5011463851a
[I 10:26:23.259 LabApp] Saving file at /bead_motility.py
[I 10:26:28.242 LabApp] Kernel restarted: 68b5b2bb-6bba-49f2-873b-f5011463851a
[I 10:27:09.219 LabApp] Saving file at /bead_motility.py
[I 10:27:14.412 LabApp] Kernel restarted: 68b5b2bb-6bba-49f2-873b-f5011463851a
[I 10:27:27.538 LabApp] Saving file at /Untitled1.ipynb
[I 10:28:01.944 LabApp] Saving file at /bead_motility.py
[I 10:28:06.536 LabApp] Kernel restarted: 68b5b2bb-6bba-49f2-873b-f5011463851a
[I 10:28:37.040 LabApp] Saving file at /bead_motility.py
[I 10:28:42.015 LabApp] Kernel restarted: 68b5b2bb-6bba-49f2-873b-f5011463851a
[I 10:29:27.600 LabApp] Saving file at /Untitled1.ipynb
[I 10:29:59.311 LabApp] Saving file at /bead_motility.py
[I 10:30:04.316 LabApp] Kernel restarted: 68b5b2bb-6bba-49f2-873b-f5011463851a
[I 10:30:30.670 LabApp] Saving file at /bead_motility.py
[I 10:30:35.633 LabApp] Kernel restarted: 68b5b2bb-6bba-49f2-873b-f5011463851a
[I 10:31:19.093 LabApp] Saving file at /bead_motility.py
[I 10:31:24.604 LabApp] Kernel restarted: 68b5b2bb-6bba-49f2-873b-f5011463851a
[I 10:31:27.663 LabApp] Saving file at /Untitled1.ipynb
[I 10:31:52.120 LabApp] Saving file at /bead_motility.py
[I 10:31:57.117 LabApp] Kernel restarted: 68b5b2bb-6bba-49f2-873b-f5011463851a
[I 10:32:57.994 LabApp] Saving file at /bead_motility.py
[I 10:33:03.685 LabApp] Kernel restarted: 68b5b2bb-6bba-49f2-873b-f5011463851a
[I 10:33:27.892 LabApp] Saving file at /Untitled1.ipynb
[I 10:34:09.247 LabApp] Saving file at /bead_motility.py
[I 10:34:14.867 LabApp] Kernel restarted: 68b5b2bb-6bba-49f2-873b-f5011463851a
[I 10:35:26.704 LabApp] Saving file at /bead_motility.py
[I 10:35:27.990 LabApp] Saving file at /Untitled1.ipynb
[I 10:35:47.150 LabApp] Saving file at /bead_motility.py
[I 10:35:50.891 LabApp] Kernel restarted: 68b5b2bb-6bba-49f2-873b-f5011463851a
[I 10:37:28.072 LabApp] Saving file at /Untitled1.ipynb
[I 10:39:21.629 LabApp] Saving file at /bead_motility.py
[I 10:39:28.172 LabApp] Saving file at /Untitled1.ipynb
[I 10:39:31.441 LabApp] Saving file at /bead_motility.py
[I 10:39:36.107 LabApp] Kernel restarted: 68b5b2bb-6bba-49f2-873b-f5011463851a
[W 10:40:36.109 LabApp] Timeout waiting for kernel_info_reply: 68b5b2bb-6bba-49f2-873b-f5011463851a
[I 10:41:28.281 LabApp] Saving file at /Untitled1.ipynb
Future exception was never retrieved
future: <Future finished exception=TimeoutError('Timeout waiting for restart')>
TimeoutError: Timeout waiting for restart
[I 10:43:28.435 LabApp] Saving file at /Untitled1.ipynb
[I 10:43:31.473 LabApp] Saving file at /bead_motility.py
[I 10:43:35.398 LabApp] Saving file at /bead_motility.py
[I 10:43:41.217 LabApp] Kernel restarted: 68b5b2bb-6bba-49f2-873b-f5011463851a
[I 10:44:31.513 LabApp] Saving file at /bead_motility.py
[I 10:44:34.817 LabApp] Kernel interrupted: 68b5b2bb-6bba-49f2-873b-f5011463851a
[I 10:44:38.294 LabApp] Kernel restarted: 68b5b2bb-6bba-49f2-873b-f5011463851a
[I 10:45:28.562 LabApp] Saving file at /Untitled1.ipynb
[I 10:47:28.644 LabApp] Saving file at /Untitled1.ipynb
[I 10:48:31.212 LabApp] Saving file at /Untitled1.ipynb
[I 10:48:34.808 LabApp] Kernel restarted: 68b5b2bb-6bba-49f2-873b-f5011463851a
[W 10:49:34.809 LabApp] Timeout waiting for kernel_info_reply: 68b5b2bb-6bba-49f2-873b-f5011463851a
[I 10:50:31.340 LabApp] Saving file at /Untitled1.ipynb
[I 10:51:44.975 LabApp] Saving file at /Untitled1.ipynb
[I 10:51:48.419 LabApp] Kernel restarted: 68b5b2bb-6bba-49f2-873b-f5011463851a
Future exception was never retrieved
future: <Future finished exception=TimeoutError('Timeout waiting for restart')>
TimeoutError: Timeout waiting for restart
[W 10:52:48.421 LabApp] Timeout waiting for kernel_info_reply: 68b5b2bb-6bba-49f2-873b-f5011463851a
[I 10:53:45.063 LabApp] Saving file at /Untitled1.ipynb
[I 10:55:03.511 LabApp] Saving file at /Untitled1.ipynb
[I 10:55:07.190 LabApp] Kernel restarted: 68b5b2bb-6bba-49f2-873b-f5011463851a
[I 10:57:03.932 LabApp] Saving file at /Untitled1.ipynb
[I 10:59:04.101 LabApp] Saving file at /Untitled1.ipynb
Future exception was never retrieved
future: <Future finished exception=TimeoutError('Timeout waiting for restart')>
TimeoutError: Timeout waiting for restart
[I 11:04:49.707 LabApp] Saving file at /Untitled1.ipynb
[I 11:04:53.080 LabApp] Kernel restarted: 68b5b2bb-6bba-49f2-873b-f5011463851a
[W 11:05:53.081 LabApp] Timeout waiting for kernel_info_reply: 68b5b2bb-6bba-49f2-873b-f5011463851a
[I 11:06:49.916 LabApp] Saving file at /Untitled1.ipynb
[I 11:07:59.841 LabApp] Saving file at /Untitled1.ipynb
Future exception was never retrieved
future: <Future finished exception=TimeoutError('Timeout waiting for restart')>
TimeoutError: Timeout waiting for restart
[I 11:08:03.245 LabApp] Kernel restarted: 68b5b2bb-6bba-49f2-873b-f5011463851a
[I 11:10:00.035 LabApp] Saving file at /Untitled1.ipynb
[I 11:11:32.071 LabApp] Saving file at /bead_motility.py
[I 11:11:37.398 LabApp] Kernel restarted: 68b5b2bb-6bba-49f2-873b-f5011463851a
[I 11:12:00.716 LabApp] Saving file at /Untitled1.ipynb
[I 11:12:26.588 LabApp] Saving file at /bead_motility.py
[I 11:12:36.085 LabApp] Kernel restarted: 68b5b2bb-6bba-49f2-873b-f5011463851a
Fatal Python error: [I 11:12:36.101 LabApp] Kernel interrupted: 68b5b2bb-6bba-49f2-873b-f5011463851a
initsite: Failed to import the site module
Traceback (most recent call last):
  File "/home/jiongyi/anaconda3/lib/python3.7/site.py", line 579, in <module>
    main()
  File "/home/jiongyi/anaconda3/lib/python3.7/site.py", line 566, in main
    known_paths = addsitepackages(known_paths)
  File "/home/jiongyi/anaconda3/lib/python3.7/site.py", line 349, in addsitepackages
    addsitedir(sitedir, known_paths)
  File "/home/jiongyi/anaconda3/lib/python3.7/site.py", line 207, in addsitedir
    addpackage(sitedir, name, known_paths)
  File "/home/jiongyi/anaconda3/lib/python3.7/site.py", line 168, in addpackage
    exec(line)
  File "<string>", line 1, in <module>
  File "/home/jiongyi/anaconda3/lib/python3.7/types.py", line 142, in <module>
    class DynamicClassAttribute:
KeyboardInterrupt
[W 11:12:37.401 LabApp] Timeout waiting for kernel_info_reply: 68b5b2bb-6bba-49f2-873b-f5011463851a
[I 11:12:39.085 LabApp] KernelRestarter: restarting kernel (1/5), keep random ports
kernel 68b5b2bb-6bba-49f2-873b-f5011463851a restarted
[I 11:12:41.122 LabApp] Kernel interrupted: 68b5b2bb-6bba-49f2-873b-f5011463851a
[I 11:12:44.269 LabApp] Kernel restarted: 68b5b2bb-6bba-49f2-873b-f5011463851a
[I 11:12:55.854 LabApp] Kernel interrupted: 68b5b2bb-6bba-49f2-873b-f5011463851a
[I 11:13:15.214 LabApp] Saving file at /bead_motility.py
[I 11:13:20.591 LabApp] Kernel restarted: 68b5b2bb-6bba-49f2-873b-f5011463851a
[I 11:14:00.780 LabApp] Saving file at /Untitled1.ipynb
[I 11:14:15.389 LabApp] Saving file at /bead_motility.py
[W 11:14:20.593 LabApp] Timeout waiting for kernel_info_reply: 68b5b2bb-6bba-49f2-873b-f5011463851a
[I 11:16:00.866 LabApp] Saving file at /Untitled1.ipynb
[I 11:16:31.829 LabApp] Saving file at /Untitled1.ipynb
Future exception was never retrieved
future: <Future finished exception=TimeoutError('Timeout waiting for restart')>
TimeoutError: Timeout waiting for restart
[I 11:16:31.943 LabApp] Saving file at /bead_motility.py
[I 11:16:31.948 LabApp] Saving file at /Untitled.ipynb
[I 11:19:18.593 LabApp] Saving file at /Untitled1.ipynb
[I 11:19:18.707 LabApp] Saving file at /bead_motility.py
[I 11:19:18.711 LabApp] Saving file at /Untitled.ipynb
[I 11:25:48.377 LabApp] Saving file at /bead_motility.py
[I 11:25:49.984 LabApp] Saving file at /bead_motility.py
[I 11:26:27.212 LabApp] Saving file at /bead_motility.py
[I 11:26:37.653 LabApp] Saving file at /bead_motility.py
[I 11:26:58.431 LabApp] Saving file at /bead_motility.py
[I 11:27:43.733 LabApp] Saving file at /bead_motility.py
[I 11:27:52.791 LabApp] Saving file at /Untitled1.ipynb
[I 11:27:56.484 LabApp] Kernel restarted: 68b5b2bb-6bba-49f2-873b-f5011463851a
[I 11:28:16.588 LabApp] Saving file at /bead_motility.py
[I 11:28:21.287 LabApp] Kernel restarted: 68b5b2bb-6bba-49f2-873b-f5011463851a
[W 11:29:21.290 LabApp] Timeout waiting for kernel_info_reply: 68b5b2bb-6bba-49f2-873b-f5011463851a
[I 11:29:52.914 LabApp] Saving file at /Untitled1.ipynb
[I 11:31:53.364 LabApp] Saving file at /Untitled1.ipynb
Future exception was never retrieved
future: <Future finished exception=TimeoutError('Timeout waiting for restart')>
TimeoutError: Timeout waiting for restart
[I 11:34:01.749 LabApp] Saving file at /bead_motility.py
[I 11:34:24.870 LabApp] Saving file at /bead_motility.py
[I 11:35:16.587 LabApp] Saving file at /bead_motility.py
[I 11:37:13.256 LabApp] Saving file at /bead_motility.py
[I 11:37:30.131 LabApp] Kernel restarted: 68b5b2bb-6bba-49f2-873b-f5011463851a
[I 11:37:53.497 LabApp] Saving file at /Untitled1.ipynb
[I 11:38:36.414 LabApp] Saving file at /bead_motility.py
[I 11:39:31.798 LabApp] Saving file at /bead_motility.py
[I 11:39:45.177 LabApp] Kernel restarted: 68b5b2bb-6bba-49f2-873b-f5011463851a
[I 11:39:53.784 LabApp] Saving file at /Untitled1.ipynb
[W 11:40:45.178 LabApp] Timeout waiting for kernel_info_reply: 68b5b2bb-6bba-49f2-873b-f5011463851a
Future exception was never retrieved
future: <Future finished exception=TimeoutError('Timeout waiting for restart')>
TimeoutError: Timeout waiting for restart
[I 11:41:54.643 LabApp] Saving file at /Untitled1.ipynb
[I 11:43:32.825 LabApp] Saving file at /bead_motility.py
[I 11:43:44.401 LabApp] Saving file at /bead_motility.py
[I 11:43:50.240 LabApp] Kernel restarted: 68b5b2bb-6bba-49f2-873b-f5011463851a
[I 11:43:54.800 LabApp] Saving file at /Untitled1.ipynb
[W 11:44:50.242 LabApp] Timeout waiting for kernel_info_reply: 68b5b2bb-6bba-49f2-873b-f5011463851a
[I 11:44:56.830 LabApp] Saving file at /bead_motility.py
[I 11:45:54.873 LabApp] Saving file at /Untitled1.ipynb
[I 11:47:55.004 LabApp] Saving file at /Untitled1.ipynb
[I 12:27:55.937 LabApp] Saving file at /Untitled1.ipynb
[I 12:31:37.570 LabApp] Saving file at /bead_motility.py
[I 12:35:01.556 LabApp] Saving file at /bead_motility.py
[I 12:37:01.605 LabApp] Saving file at /bead_motility.py
[I 12:39:01.645 LabApp] Saving file at /bead_motility.py
[I 12:40:52.064 LabApp] Saving file at /bead_motility.py
[I 12:40:58.623 LabApp] Kernel restarted: 68b5b2bb-6bba-49f2-873b-f5011463851a
[I 12:41:22.049 LabApp] Saving file at /bead_motility.py
[I 12:41:26.582 LabApp] Kernel restarted: 68b5b2bb-6bba-49f2-873b-f5011463851a
[I 12:41:56.073 LabApp] Saving file at /Untitled1.ipynb
[I 12:43:01.037 LabApp] Saving file at /bead_motility.py
[I 12:43:39.575 LabApp] Saving file at /Untitled1.ipynb
[I 12:43:43.270 LabApp] Kernel restarted: 68b5b2bb-6bba-49f2-873b-f5011463851a
[I 12:45:39.814 LabApp] Saving file at /Untitled1.ipynb
[I 13:20:01.931 LabApp] Saving file at /bead_motility.py
[I 13:20:17.969 LabApp] Saving file at /bead_motility.py
[I 13:20:26.361 LabApp] Kernel restarted: 68b5b2bb-6bba-49f2-873b-f5011463851a
[W 13:21:26.364 LabApp] Timeout waiting for kernel_info_reply: 68b5b2bb-6bba-49f2-873b-f5011463851a
[I 13:21:34.930 LabApp] Saving file at /bead_motility.py
[I 13:21:38.423 LabApp] Kernel interrupted: 68b5b2bb-6bba-49f2-873b-f5011463851a
[I 13:21:41.558 LabApp] Saving file at /Untitled1.ipynb
[I 13:21:41.836 LabApp] Kernel interrupted: 68b5b2bb-6bba-49f2-873b-f5011463851a
[I 13:21:45.084 LabApp] Kernel restarted: 68b5b2bb-6bba-49f2-873b-f5011463851a
[I 13:23:41.646 LabApp] Saving file at /Untitled1.ipynb
[I 13:23:51.573 LabApp] Saving file at /bead_motility.py
[I 13:23:55.389 LabApp] Kernel interrupted: 68b5b2bb-6bba-49f2-873b-f5011463851a
[I 13:24:01.061 LabApp] Kernel restarted: 68b5b2bb-6bba-49f2-873b-f5011463851a
[I 13:25:41.731 LabApp] Saving file at /Untitled1.ipynb
[I 13:25:51.612 LabApp] Saving file at /bead_motility.py
[I 13:29:21.378 LabApp] Saving file at /bead_motility.py
[I 13:29:27.068 LabApp] Kernel restarted: 68b5b2bb-6bba-49f2-873b-f5011463851a
[I 13:29:41.813 LabApp] Saving file at /Untitled1.ipynb
[W 13:30:27.070 LabApp] Timeout waiting for kernel_info_reply: 68b5b2bb-6bba-49f2-873b-f5011463851a
Future exception was never retrieved
future: <Future finished exception=TimeoutError('Timeout waiting for restart')>
TimeoutError: Timeout waiting for restart
[I 13:31:41.886 LabApp] Saving file at /Untitled1.ipynb
[I 13:33:16.260 LabApp] Saving file at /bead_motility.py
[I 13:33:21.550 LabApp] Kernel restarted: 68b5b2bb-6bba-49f2-873b-f5011463851a
[I 13:33:41.989 LabApp] Saving file at /Untitled1.ipynb
[I 13:34:55.037 LabApp] Saving file at /bead_motility.py
[I 13:35:00.864 LabApp] Kernel restarted: 68b5b2bb-6bba-49f2-873b-f5011463851a
[I 13:35:24.766 LabApp] Saving file at /bead_motility.py
[I 13:35:29.139 LabApp] Kernel restarted: 68b5b2bb-6bba-49f2-873b-f5011463851a
[I 13:35:42.066 LabApp] Saving file at /Untitled1.ipynb
[I 13:35:56.550 LabApp] Saving file at /bead_motility.py
[I 13:36:01.351 LabApp] Saving file at /bead_motility.py
[I 13:36:05.715 LabApp] Kernel restarted: 68b5b2bb-6bba-49f2-873b-f5011463851a
[I 13:37:07.029 LabApp] Saving file at /bead_motility.py
[I 13:37:11.887 LabApp] Kernel restarted: 68b5b2bb-6bba-49f2-873b-f5011463851a
[I 13:37:42.123 LabApp] Saving file at /Untitled1.ipynb
[I 13:38:37.646 LabApp] Saving file at /bead_motility.py
[I 13:38:47.164 LabApp] Kernel restarted: 68b5b2bb-6bba-49f2-873b-f5011463851a
[I 13:39:20.450 LabApp] Saving file at /bead_motility.py
[I 13:39:28.331 LabApp] Saving file at /bead_motility.py
[I 13:39:32.736 LabApp] Kernel restarted: 68b5b2bb-6bba-49f2-873b-f5011463851a
[I 13:39:42.183 LabApp] Saving file at /Untitled1.ipynb
[I 13:41:42.423 LabApp] Saving file at /Untitled1.ipynb
[I 13:42:59.973 LabApp] Saving file at /bead_motility.py
[I 13:43:06.931 LabApp] Kernel restarted: 68b5b2bb-6bba-49f2-873b-f5011463851a
[I 13:43:43.296 LabApp] Saving file at /Untitled1.ipynb
[I 13:44:16.645 LabApp] Saving file at /bead_motility.py
[I 13:44:23.073 LabApp] Kernel restarted: 68b5b2bb-6bba-49f2-873b-f5011463851a
[I 13:45:04.756 LabApp] Kernel restarted: 68b5b2bb-6bba-49f2-873b-f5011463851a
[I 13:45:21.715 LabApp] Saving file at /bead_motility.py
[I 13:45:26.703 LabApp] Kernel restarted: 68b5b2bb-6bba-49f2-873b-f5011463851a
[I 13:45:43.350 LabApp] Saving file at /Untitled1.ipynb
Future exception was never retrieved
future: <Future finished exception=TimeoutError('Timeout waiting for restart')>
TimeoutError: Timeout waiting for restart
Future exception was never retrieved
future: <Future finished exception=TimeoutError('Timeout waiting for restart')>
TimeoutError: Timeout waiting for restart
Future exception was never retrieved
future: <Future finished exception=TimeoutError('Timeout waiting for restart')>
TimeoutError: Timeout waiting for restart
[I 13:55:48.889 LabApp] Saving file at /bead_motility.py
[I 13:56:16.429 LabApp] Saving file at /bead_motility.py
[I 13:58:09.572 LabApp] Saving file at /Untitled1.ipynb
[I 13:58:12.997 LabApp] Kernel restarted: 68b5b2bb-6bba-49f2-873b-f5011463851a
[I 14:00:09.638 LabApp] Saving file at /Untitled1.ipynb
[I 14:05:20.408 LabApp] Saving file at /Untitled1.ipynb
[I 14:05:23.714 LabApp] Kernel restarted: 68b5b2bb-6bba-49f2-873b-f5011463851a
[I 14:07:20.602 LabApp] Saving file at /Untitled1.ipynb
[I 14:08:13.725 LabApp] Saving file at /bead_motility.py
[I 14:08:19.089 LabApp] Kernel restarted: 68b5b2bb-6bba-49f2-873b-f5011463851a
[I 14:09:20.667 LabApp] Saving file at /Untitled1.ipynb
[I 14:19:16.047 LabApp] Kernel started: b342f0d7-00bd-4676-b597-5b97c8ab82f6, name: python3
[I 14:19:20.753 LabApp] Kernel interrupted: b342f0d7-00bd-4676-b597-5b97c8ab82f6
[I 14:19:23.972 LabApp] Starting buffering for b342f0d7-00bd-4676-b597-5b97c8ab82f6:83c674cf-d838-4d80-8241-f2a0ced47f9f
[I 14:19:42.292 LabApp] Saving file at /bead_motility.py
[I 14:19:47.463 LabApp] Kernel restarted: 68b5b2bb-6bba-49f2-873b-f5011463851a
[I 14:21:18.138 LabApp] Saving file at /bead_motility.py
[I 14:21:20.725 LabApp] Saving file at /Untitled1.ipynb
[I 14:21:22.351 LabApp] Kernel restarted: 68b5b2bb-6bba-49f2-873b-f5011463851a
[I 14:21:47.896 LabApp] Saving file at /bead_motility.py
[I 14:23:21.165 LabApp] Saving file at /Untitled1.ipynb
[I 14:23:47.930 LabApp] Saving file at /bead_motility.py
[I 14:23:50.788 LabApp] Saving file at /bead_motility.py
[I 14:25:02.049 LabApp] Saving file at /bead_motility.py
[I 14:25:07.645 LabApp] Kernel restarted: 68b5b2bb-6bba-49f2-873b-f5011463851a
[I 14:25:21.223 LabApp] Saving file at /Untitled1.ipynb
[I 14:37:02.089 LabApp] Saving file at /bead_motility.py
[I 14:39:02.126 LabApp] Saving file at /bead_motility.py
[I 14:43:02.167 LabApp] Saving file at /bead_motility.py
[I 14:45:02.207 LabApp] Saving file at /bead_motility.py
[I 14:46:34.715 LabApp] Saving file at /bead_motility.py
[I 14:48:34.753 LabApp] Saving file at /bead_motility.py
[I 14:50:34.790 LabApp] Saving file at /bead_motility.py
[I 14:52:34.828 LabApp] Saving file at /bead_motility.py
[I 14:54:34.955 LabApp] Saving file at /bead_motility.py
[I 14:54:38.882 LabApp] Saving file at /bead_motility.py
[I 14:55:08.531 LabApp] Saving file at /bead_motility.py
[I 14:55:33.566 LabApp] Saving file at /bead_motility.py
[I 14:55:38.393 LabApp] Kernel restarted: 68b5b2bb-6bba-49f2-873b-f5011463851a
[I 14:55:53.974 LabApp] Saving file at /bead_motility.py
[I 14:55:58.646 LabApp] Kernel restarted: 68b5b2bb-6bba-49f2-873b-f5011463851a
[I 14:56:40.268 LabApp] Saving file at /bead_motility.py
[I 14:56:45.072 LabApp] Kernel restarted: 68b5b2bb-6bba-49f2-873b-f5011463851a
[I 14:57:21.574 LabApp] Saving file at /Untitled1.ipynb
[I 14:58:10.694 LabApp] Saving file at /bead_motility.py
[I 14:58:18.365 LabApp] Kernel restarted: 68b5b2bb-6bba-49f2-873b-f5011463851a
[I 14:59:21.688 LabApp] Saving file at /Untitled1.ipynb
[I 15:01:21.752 LabApp] Saving file at /Untitled1.ipynb
[I 15:03:04.268 LabApp] Saving file at /Untitled1.ipynb
[I 15:03:07.645 LabApp] Kernel restarted: 68b5b2bb-6bba-49f2-873b-f5011463851a
[I 15:05:04.390 LabApp] Saving file at /Untitled1.ipynb
[I 15:06:12.341 LabApp] Saving file at /bead_motility.py
[I 15:06:30.209 LabApp] Saving file at /bead_motility.py
[I 15:06:35.697 LabApp] Kernel restarted: 68b5b2bb-6bba-49f2-873b-f5011463851a
[I 15:07:04.491 LabApp] Saving file at /Untitled1.ipynb
[I 15:07:12.283 LabApp] Saving file at /bead_motility.py
[I 15:07:17.855 LabApp] Kernel restarted: 68b5b2bb-6bba-49f2-873b-f5011463851a
[I 15:09:04.565 LabApp] Saving file at /Untitled1.ipynb
[I 15:11:04.662 LabApp] Saving file at /Untitled1.ipynb
[I 15:18:54.027 LabApp] Saving file at /Untitled1.ipynb
[I 15:18:57.219 LabApp] Kernel restarted: 68b5b2bb-6bba-49f2-873b-f5011463851a
[W 15:19:57.221 LabApp] Timeout waiting for kernel_info_reply: 68b5b2bb-6bba-49f2-873b-f5011463851a
[I 15:20:54.149 LabApp] Saving file at /Untitled1.ipynb
Future exception was never retrieved
future: <Future finished exception=TimeoutError('Timeout waiting for restart')>
TimeoutError: Timeout waiting for restart
[I 15:22:14.771 LabApp] Saving file at /Untitled1.ipynb
[I 15:22:18.695 LabApp] Kernel restarted: 68b5b2bb-6bba-49f2-873b-f5011463851a
[I 15:24:14.875 LabApp] Saving file at /Untitled1.ipynb
[I 15:26:28.595 LabApp] Saving file at /bead_motility.py
[I 15:28:37.085 LabApp] Saving file at /bead_motility.py
[I 15:28:53.183 LabApp] Saving file at /bead_motility.py
[I 15:30:53.230 LabApp] Saving file at /bead_motility.py
[I 15:30:58.289 LabApp] Saving file at /bead_motility.py
[I 15:31:12.196 LabApp] Saving file at /bead_motility.py
[I 15:31:14.807 LabApp] Saving file at /bead_motility.py
[I 15:32:15.257 LabApp] Saving file at /Untitled1.ipynb
[I 15:33:14.841 LabApp] Saving file at /bead_motility.py
[I 15:35:14.878 LabApp] Saving file at /bead_motility.py
[I 15:35:57.384 LabApp] Saving file at /bead_motility.py
[I 15:36:03.003 LabApp] Kernel restarted: 68b5b2bb-6bba-49f2-873b-f5011463851a
[I 15:36:15.363 LabApp] Saving file at /Untitled1.ipynb
[I 15:38:15.438 LabApp] Saving file at /Untitled1.ipynb
[I 15:40:15.569 LabApp] Saving file at /Untitled1.ipynb
[I 15:43:59.400 LabApp] Saving file at /bead_motility.py
[I 15:44:58.853 LabApp] Saving file at /bead_motility.py
[I 15:45:04.615 LabApp] Kernel restarted: 68b5b2bb-6bba-49f2-873b-f5011463851a
[I 15:45:42.919 LabApp] Saving file at /bead_motility.py
[I 15:45:48.273 LabApp] Saving file at /bead_motility.py
[I 15:45:53.010 LabApp] Kernel restarted: 68b5b2bb-6bba-49f2-873b-f5011463851a
[I 15:46:16.413 LabApp] Saving file at /Untitled1.ipynb
[I 15:48:16.477 LabApp] Saving file at /Untitled1.ipynb
[I 15:50:16.574 LabApp] Saving file at /2021_02_08_wave_bead_motility.ipynb
[I 15:51:49.013 LabApp] Saving file at /bead_motility.py
[I 15:52:16.038 LabApp] Saving file at /bead_motility.py
[I 15:52:20.925 LabApp] Kernel restarted: 68b5b2bb-6bba-49f2-873b-f5011463851a
[W 15:53:20.927 LabApp] Timeout waiting for kernel_info_reply: 68b5b2bb-6bba-49f2-873b-f5011463851a
[I 15:54:16.675 LabApp] Saving file at /2021_02_08_wave_bead_motility.ipynb
Future exception was never retrieved
future: <Future finished exception=TimeoutError('Timeout waiting for restart')>
TimeoutError: Timeout waiting for restart
[I 15:56:16.069 LabApp] Saving file at /bead_motility.py
[I 15:56:16.774 LabApp] Saving file at /2021_02_08_wave_bead_motility.ipynb
[I 15:56:37.933 LabApp] Saving file at /bead_motility.py
[I 15:58:16.881 LabApp] Saving file at /2021_02_08_wave_bead_motility.ipynb
[I 15:58:49.337 LabApp] Kernel restarted: 68b5b2bb-6bba-49f2-873b-f5011463851a
[I 15:58:59.607 LabApp] Saving file at /2021_02_08_wave_bead_motility.ipynb
[I 15:59:48.555 LabApp] Saving file at /2021_02_08_wave_bead_motility.ipynb
[I 15:59:53.098 LabApp] Kernel restarted: 68b5b2bb-6bba-49f2-873b-f5011463851a
[I 16:01:48.641 LabApp] Saving file at /2021_02_08_wave_bead_motility.ipynb
[I 16:03:48.704 LabApp] Saving file at /2021_02_08_wave_bead_motility.ipynb
[I 16:05:48.767 LabApp] Saving file at /2021_02_08_wave_bead_motility.ipynb
[I 16:07:48.826 LabApp] Saving file at /2021_02_08_wave_bead_motility.ipynb
[I 16:09:49.217 LabApp] Saving file at /2021_02_08_wave_bead_motility.ipynb
[I 16:15:50.454 LabApp] Saving file at /2021_02_08_wave_bead_motility.ipynb
[I 16:22:39.421 LabApp] Saving file at /bead_motility.py
[I 16:24:06.809 LabApp] Saving file at /bead_motility.py
[I 16:24:49.019 LabApp] Saving file at /bead_motility.py
[I 16:25:11.528 LabApp] Saving file at /2021_02_08_wave_bead_motility.ipynb
[I 16:25:15.281 LabApp] Kernel restarted: 68b5b2bb-6bba-49f2-873b-f5011463851a
[I 16:26:57.853 LabApp] Saving file at /bead_motility.py
[I 16:27:03.281 LabApp] Kernel restarted: 68b5b2bb-6bba-49f2-873b-f5011463851a
[I 16:27:11.792 LabApp] Saving file at /2021_02_08_wave_bead_motility.ipynb
[I 16:27:42.438 LabApp] Saving file at /bead_motility.py
[I 16:29:11.878 LabApp] Saving file at /2021_02_08_wave_bead_motility.ipynb
[I 16:31:12.800 LabApp] Saving file at /2021_02_08_wave_bead_motility.ipynb
[I 16:40:05.226 LabApp] Saving file at /bead_motility.py
[I 16:40:10.675 LabApp] Kernel restarted: 68b5b2bb-6bba-49f2-873b-f5011463851a
[I 16:41:13.647 LabApp] Saving file at /2021_02_08_wave_bead_motility.ipynb
[I 16:43:13.710 LabApp] Saving file at /2021_02_08_wave_bead_motility.ipynb
[I 16:52:06.294 LabApp] Saving file at /bead_motility.py
[I 16:52:19.751 LabApp] Saving file at /bead_motility.py
[I 16:52:30.970 LabApp] Kernel restarted: 68b5b2bb-6bba-49f2-873b-f5011463851a
[I 16:52:57.444 LabApp] Saving file at /bead_motility.py
[I 16:53:01.473 LabApp] Kernel restarted: 68b5b2bb-6bba-49f2-873b-f5011463851a
[I 16:53:13.917 LabApp] Saving file at /2021_02_08_wave_bead_motility.ipynb
[I 16:53:22.919 LabApp] Saving file at /bead_motility.py
[I 16:53:27.027 LabApp] Kernel restarted: 68b5b2bb-6bba-49f2-873b-f5011463851a
[I 16:55:13.971 LabApp] Saving file at /2021_02_08_wave_bead_motility.ipynb
[I 16:57:09.525 LabApp] Saving file at /bead_motility.py
[I 16:57:14.034 LabApp] Saving file at /2021_02_08_wave_bead_motility.ipynb
[I 16:57:33.899 LabApp] Saving file at /2021_02_08_wave_bead_motility.ipynb
[I 16:57:37.802 LabApp] Kernel restarted: 68b5b2bb-6bba-49f2-873b-f5011463851a
[I 16:59:33.986 LabApp] Saving file at /2021_02_08_wave_bead_motility.ipynb
[I 17:01:34.050 LabApp] Saving file at /2021_02_08_wave_bead_motility.ipynb
[I 17:06:02.314 LabApp] Saving file at /2021_02_08_wave_bead_motility.ipynb
[I 17:06:05.859 LabApp] Kernel restarted: 68b5b2bb-6bba-49f2-873b-f5011463851a
[I 17:08:02.480 LabApp] Saving file at /2021_02_08_wave_bead_motility.ipynb
[I 17:10:02.552 LabApp] Saving file at /2021_02_08_wave_bead_motility.ipynb
[I 17:15:43.051 LabApp] Saving file at /2021_02_08_wave_bead_motility.ipynb
[I 17:15:46.189 LabApp] Kernel restarted: 68b5b2bb-6bba-49f2-873b-f5011463851a
[I 17:17:43.151 LabApp] Saving file at /2021_02_08_wave_bead_motility.ipynb
[I 17:19:43.596 LabApp] Saving file at /2021_02_08_wave_bead_motility.ipynb
[I 17:31:10.995 LabApp] Saving file at /bead_motility.py
[I 17:33:11.035 LabApp] Saving file at /bead_motility.py
[I 17:36:32.256 LabApp] Saving file at /bead_motility.py
[I 17:36:38.263 LabApp] Saving file at /bead_motility.py
[I 17:36:43.022 LabApp] Kernel restarted: 68b5b2bb-6bba-49f2-873b-f5011463851a
[I 17:37:44.963 LabApp] Saving file at /2021_02_08_wave_bead_motility.ipynb
[I 17:39:45.931 LabApp] Saving file at /2021_02_08_wave_bead_motility.ipynb
[I 17:40:38.973 LabApp] Saving file at /bead_motility.py
[I 17:40:55.082 LabApp] Saving file at /bead_motility.py
[I 17:41:01.263 LabApp] Kernel restarted: 68b5b2bb-6bba-49f2-873b-f5011463851a
[I 17:41:46.331 LabApp] Saving file at /2021_02_08_wave_bead_motility.ipynb
[I 17:42:39.553 LabApp] Saving file at /bead_motility.py
[I 17:42:46.684 LabApp] Saving file at /bead_motility.py
[I 17:42:51.114 LabApp] Kernel restarted: 68b5b2bb-6bba-49f2-873b-f5011463851a
[I 17:43:13.536 LabApp] Saving file at /bead_motility.py
[I 17:43:15.632 LabApp] Kernel interrupted: 68b5b2bb-6bba-49f2-873b-f5011463851a
[I 17:43:19.563 LabApp] Kernel restarted: 68b5b2bb-6bba-49f2-873b-f5011463851a
[I 17:43:47.187 LabApp] Saving file at /2021_02_08_wave_bead_motility.ipynb
[I 17:45:39.828 LabApp] Saving file at /bead_motility.py
[I 17:45:47.908 LabApp] Kernel restarted: 68b5b2bb-6bba-49f2-873b-f5011463851a
[I 17:45:47.991 LabApp] Saving file at /2021_02_08_wave_bead_motility.ipynb
[I 17:47:37.235 LabApp] Saving file at /bead_motility.py
[I 17:47:39.176 LabApp] Kernel interrupted: 68b5b2bb-6bba-49f2-873b-f5011463851a
[I 17:47:42.536 LabApp] Kernel restarted: 68b5b2bb-6bba-49f2-873b-f5011463851a
[I 17:47:48.111 LabApp] Saving file at /2021_02_08_wave_bead_motility.ipynb
[I 17:49:48.984 LabApp] Saving file at /2021_02_08_wave_bead_motility.ipynb
[I 17:51:49.051 LabApp] Saving file at /2021_02_08_wave_bead_motility.ipynb
[I 17:52:49.230 LabApp] Saving file at /2021_02_08_wave_bead_motility.ipynb
[I 17:52:53.116 LabApp] Kernel restarted: 68b5b2bb-6bba-49f2-873b-f5011463851a
[I 17:54:49.391 LabApp] Saving file at /2021_02_08_wave_bead_motility.ipynb
[I 17:56:49.689 LabApp] Saving file at /2021_02_08_wave_bead_motility.ipynb
[I 18:03:41.446 LabApp] Saving file at /bead_motility.py
[I 18:11:57.708 LabApp] Saving file at /bead_motility.py
[I 18:13:11.829 LabApp] Saving file at /bead_motility.py
[I 18:13:24.766 LabApp] Kernel restarted: 68b5b2bb-6bba-49f2-873b-f5011463851a
[I 18:14:50.198 LabApp] Saving file at /2021_02_08_wave_bead_motility.ipynb
[I 18:16:50.536 LabApp] Saving file at /2021_02_08_wave_bead_motility.ipynb
[I 18:17:41.717 LabApp] Saving file at /bead_motility.py
[I 18:17:46.810 LabApp] Kernel restarted: 68b5b2bb-6bba-49f2-873b-f5011463851a
[I 18:18:51.333 LabApp] Saving file at /2021_02_08_wave_bead_motility.ipynb
[I 18:20:51.392 LabApp] Saving file at /2021_02_08_wave_bead_motility.ipynb
[I 18:20:55.171 LabApp] Saving file at /bead_motility.py
[I 18:21:00.626 LabApp] Kernel restarted: 68b5b2bb-6bba-49f2-873b-f5011463851a
[I 18:22:51.491 LabApp] Saving file at /2021_02_08_wave_bead_motility.ipynb
[I 18:22:55.211 LabApp] Saving file at /bead_motility.py
[I 18:23:00.998 LabApp] Saving file at /bead_motility.py
[I 18:23:06.653 LabApp] Kernel restarted: 68b5b2bb-6bba-49f2-873b-f5011463851a
[I 18:24:51.543 LabApp] Saving file at /2021_02_08_wave_bead_motility.ipynb
[I 18:25:24.735 LabApp] Saving file at /bead_motility.py
[I 18:25:31.525 LabApp] Kernel restarted: 68b5b2bb-6bba-49f2-873b-f5011463851a
[I 18:26:52.489 LabApp] Saving file at /2021_02_08_wave_bead_motility.ipynb
[I 18:28:37.635 LabApp] Saving file at /bead_motility.py
[I 18:28:44.269 LabApp] Kernel restarted: 68b5b2bb-6bba-49f2-873b-f5011463851a
[I 18:28:52.543 LabApp] Saving file at /2021_02_08_wave_bead_motility.ipynb
[I 18:29:48.123 LabApp] Saving file at /bead_motility.py
[I 18:29:56.396 LabApp] Kernel restarted: 68b5b2bb-6bba-49f2-873b-f5011463851a
[I 18:30:53.115 LabApp] Saving file at /2021_02_08_wave_bead_motility.ipynb
[I 18:31:33.442 LabApp] Saving file at /bead_motility.py
[I 18:31:42.865 LabApp] Kernel restarted: 68b5b2bb-6bba-49f2-873b-f5011463851a
[I 18:31:42.877 LabApp] Kernel interrupted: 68b5b2bb-6bba-49f2-873b-f5011463851a
Fatal Python error: initsite: Failed to import the site module
Traceback (most recent call last):
  File "/home/jiongyi/anaconda3/lib/python3.7/site.py", line 579, in <module>
    main()
  File "/home/jiongyi/anaconda3/lib/python3.7/site.py", line 566, in main
    known_paths = addsitepackages(known_paths)
  File "/home/jiongyi/anaconda3/lib/python3.7/site.py", line 349, in addsitepackages
    addsitedir(sitedir, known_paths)
  File "/home/jiongyi/anaconda3/lib/python3.7/site.py", line 207, in addsitedir
    addpackage(sitedir, name, known_paths)
  File "/home/jiongyi/anaconda3/lib/python3.7/site.py", line 168, in addpackage
    exec(line)
  File "<string>", line 1, in <module>
  File "/home/jiongyi/anaconda3/lib/python3.7/importlib/util.py", line 14, in <module>
    from contextlib import contextmanager
  File "/home/jiongyi/anaconda3/lib/python3.7/contextlib.py", line 5, in <module>
    from collections import deque
  File "/home/jiongyi/anaconda3/lib/python3.7/collections/__init__.py", line 21, in <module>
    from operator import itemgetter as _itemgetter, eq as _eq
  File "<frozen importlib._bootstrap>", line 983, in _find_and_load
  File "<frozen importlib._bootstrap>", line 967, in _find_and_load_unlocked
  File "<frozen importlib._bootstrap>", line 677, in _load_unlocked
  File "<frozen importlib._bootstrap_external>", line 724, in exec_module
  File "<frozen importlib._bootstrap_external>", line 857, in get_code
  File "<frozen importlib._bootstrap_external>", line 525, in _compile_bytecode
KeyboardInterrupt
[I 18:31:44.070 LabApp] Kernel restarted: 68b5b2bb-6bba-49f2-873b-f5011463851a
[I 18:31:49.421 LabApp] Kernel interrupted: 68b5b2bb-6bba-49f2-873b-f5011463851a
[I 18:31:53.321 LabApp] Kernel restarted: 68b5b2bb-6bba-49f2-873b-f5011463851a
[I 18:32:14.121 LabApp] Saving file at /bead_motility.py
[I 18:32:17.340 LabApp] Kernel interrupted: 68b5b2bb-6bba-49f2-873b-f5011463851a
[I 18:32:22.835 LabApp] Kernel restarted: 68b5b2bb-6bba-49f2-873b-f5011463851a
[I 18:32:53.591 LabApp] Saving file at /2021_02_08_wave_bead_motility.ipynb
[I 18:34:54.247 LabApp] Saving file at /2021_02_08_wave_bead_motility.ipynb
[I 18:36:54.649 LabApp] Saving file at /2021_02_08_wave_bead_motility.ipynb
[I 18:38:07.322 LabApp] Saving file at /bead_motility.py
[I 18:38:13.425 LabApp] Kernel restarted: 68b5b2bb-6bba-49f2-873b-f5011463851a
[I 18:38:54.896 LabApp] Saving file at /2021_02_08_wave_bead_motility.ipynb
[I 18:40:09.156 LabApp] Saving file at /bead_motility.py
[I 18:40:12.276 LabApp] Saving file at /2021_02_08_wave_bead_motility.ipynb
[I 18:40:20.634 LabApp] Kernel restarted: 68b5b2bb-6bba-49f2-873b-f5011463851a
[I 18:40:20.648 LabApp] Kernel interrupted: 68b5b2bb-6bba-49f2-873b-f5011463851a
Fatal Python error: initsite: Failed to import the site module
Traceback (most recent call last):
  File "/home/jiongyi/anaconda3/lib/python3.7/site.py", line 73, in <module>
    import os
  File "/home/jiongyi/anaconda3/lib/python3.7/os.py", line 29, in <module>
    from _collections_abc import _check_methods
  File "<frozen importlib._bootstrap>", line 983, in _find_and_load
  File "<frozen importlib._bootstrap>", line 967, in _find_and_load_unlocked
  File "<frozen importlib._bootstrap>", line 677, in _load_unlocked
  File "<frozen importlib._bootstrap_external>", line 724, in exec_module
  File "<frozen importlib._bootstrap_external>", line 857, in get_code
  File "<frozen importlib._bootstrap_external>", line 525, in _compile_bytecode
KeyboardInterrupt
[I 18:40:23.615 LabApp] Kernel restarted: 68b5b2bb-6bba-49f2-873b-f5011463851a
[I 18:40:33.518 LabApp] Kernel interrupted: 68b5b2bb-6bba-49f2-873b-f5011463851a
[I 18:40:37.209 LabApp] Kernel restarted: 68b5b2bb-6bba-49f2-873b-f5011463851a
[I 18:41:00.024 LabApp] Saving file at /bead_motility.py
[I 18:41:46.342 LabApp] Saving file at /bead_motility.py
[I 18:41:50.348 LabApp] Kernel interrupted: 68b5b2bb-6bba-49f2-873b-f5011463851a
[I 18:41:53.710 LabApp] Kernel restarted: 68b5b2bb-6bba-49f2-873b-f5011463851a
[I 18:42:12.650 LabApp] Saving file at /2021_02_08_wave_bead_motility.ipynb
[I 18:42:29.508 LabApp] Saving file at /bead_motility.py
[I 18:42:33.070 LabApp] Kernel interrupted: 68b5b2bb-6bba-49f2-873b-f5011463851a
[I 18:42:34.476 LabApp] Kernel interrupted: 68b5b2bb-6bba-49f2-873b-f5011463851a
[I 18:42:37.972 LabApp] Kernel restarted: 68b5b2bb-6bba-49f2-873b-f5011463851a
[I 18:44:12.710 LabApp] Saving file at /2021_02_08_wave_bead_motility.ipynb
[I 18:46:13.319 LabApp] Saving file at /2021_02_08_wave_bead_motility.ipynb
[I 18:52:03.411 LabApp] Saving file at /bead_motility.py
[I 18:52:29.952 LabApp] Saving file at /bead_motility.py
[I 18:52:45.213 LabApp] Saving file at /bead_motility.py
[I 18:52:50.974 LabApp] Kernel restarted: 68b5b2bb-6bba-49f2-873b-f5011463851a
[I 18:54:14.804 LabApp] Saving file at /2021_02_08_wave_bead_motility.ipynb
[I 18:55:11.024 LabApp] Saving file at /bead_motility.py
[I 18:55:14.119 LabApp] Kernel interrupted: 68b5b2bb-6bba-49f2-873b-f5011463851a
[I 18:55:17.404 LabApp] Kernel restarted: 68b5b2bb-6bba-49f2-873b-f5011463851a
[I 18:56:15.204 LabApp] Saving file at /2021_02_08_wave_bead_motility.ipynb
[I 18:58:16.038 LabApp] Saving file at /2021_02_08_wave_bead_motility.ipynb
[I 20:29:15.048 LabApp] Saving file at /bead_motility.py
[I 20:30:14.769 LabApp] Saving file at /bead_motility.py
[I 20:32:14.801 LabApp] Saving file at /bead_motility.py
[I 20:34:15.686 LabApp] Saving file at /bead_motility.py
[I 20:36:15.721 LabApp] Saving file at /bead_motility.py
[I 20:38:00.765 LabApp] Saving file at /bead_motility.py
[I 20:38:26.324 LabApp] Saving file at /bead_motility.py
[I 20:40:26.360 LabApp] Saving file at /bead_motility.py
[I 20:42:26.398 LabApp] Saving file at /bead_motility.py
[I 20:42:47.970 LabApp] Saving file at /bead_motility.py
[I 20:42:53.330 LabApp] Kernel restarted: 68b5b2bb-6bba-49f2-873b-f5011463851a
[I 20:43:25.734 LabApp] Saving file at /bead_motility.py
[I 20:43:30.659 LabApp] Kernel restarted: 68b5b2bb-6bba-49f2-873b-f5011463851a
[I 20:43:56.518 LabApp] Saving file at /bead_motility.py
[I 20:44:02.757 LabApp] Kernel restarted: 68b5b2bb-6bba-49f2-873b-f5011463851a
[I 20:44:20.698 LabApp] Saving file at /2021_02_08_wave_bead_motility.ipynb
[I 20:44:41.373 LabApp] Saving file at /bead_motility.py
[I 20:44:45.545 LabApp] Kernel interrupted: 68b5b2bb-6bba-49f2-873b-f5011463851a
[I 20:44:49.518 LabApp] Kernel restarted: 68b5b2bb-6bba-49f2-873b-f5011463851a
[I 20:46:20.958 LabApp] Saving file at /2021_02_08_wave_bead_motility.ipynb
[I 20:47:53.220 LabApp] Saving file at /bead_motility.py
[I 20:47:59.347 LabApp] Kernel restarted: 68b5b2bb-6bba-49f2-873b-f5011463851a
[I 20:48:21.040 LabApp] Saving file at /2021_02_08_wave_bead_motility.ipynb
[I 20:50:21.160 LabApp] Saving file at /2021_02_08_wave_bead_motility.ipynb
[I 20:52:22.154 LabApp] Saving file at /2021_02_08_wave_bead_motility.ipynb
[I 20:55:06.248 LabApp] Saving file at /bead_motility.py
[I 20:55:14.333 LabApp] Kernel restarted: 68b5b2bb-6bba-49f2-873b-f5011463851a
[I 20:56:22.710 LabApp] Saving file at /2021_02_08_wave_bead_motility.ipynb
[I 20:58:23.753 LabApp] Saving file at /2021_02_08_wave_bead_motility.ipynb
[I 21:05:08.125 LabApp] Saving file at /bead_motility.py
[I 21:07:08.165 LabApp] Saving file at /bead_motility.py
[I 21:12:33.632 LabApp] Saving file at /bead_motility.py
[I 21:12:49.287 LabApp] Saving file at /bead_motility.py
[I 21:13:18.687 LabApp] Saving file at /bead_motility.py
[I 21:13:27.815 LabApp] Kernel restarted: 68b5b2bb-6bba-49f2-873b-f5011463851a
[I 21:14:25.265 LabApp] Saving file at /2021_02_08_wave_bead_motility.ipynb
[I 21:17:09.377 LabApp] Saving file at /bead_motility.py
[I 21:18:18.772 LabApp] Saving file at /bead_motility.py
[I 21:18:26.275 LabApp] Kernel restarted: 68b5b2bb-6bba-49f2-873b-f5011463851a
[I 21:20:25.328 LabApp] Saving file at /2021_02_08_wave_bead_motility.ipynb
[I 21:22:26.387 LabApp] Saving file at /2021_02_08_wave_bead_motility.ipynb
[I 21:24:19.370 LabApp] Saving file at /bead_motility.py
[I 21:24:42.787 LabApp] Saving file at /bead_motility.py
[I 21:24:47.024 LabApp] Kernel restarted: 68b5b2bb-6bba-49f2-873b-f5011463851a
[I 21:25:10.018 LabApp] Kernel interrupted: 68b5b2bb-6bba-49f2-873b-f5011463851a
[I 21:25:21.122 LabApp] Saving file at /bead_motility.py
[I 21:25:27.948 LabApp] Kernel restarted: 68b5b2bb-6bba-49f2-873b-f5011463851a
[I 21:26:26.521 LabApp] Saving file at /2021_02_08_wave_bead_motility.ipynb
[I 21:26:58.724 LabApp] Saving file at /bead_motility.py
[I 21:27:11.474 LabApp] Saving file at /bead_motility.py
[I 21:27:31.731 LabApp] Saving file at /bead_motility.py
[I 21:27:48.422 LabApp] Saving file at /bead_motility.py
[I 21:27:53.623 LabApp] Kernel restarted: 68b5b2bb-6bba-49f2-873b-f5011463851a
[I 21:28:26.702 LabApp] Saving file at /2021_02_08_wave_bead_motility.ipynb
[I 21:30:26.800 LabApp] Saving file at /2021_02_08_wave_bead_motility.ipynb
[I 21:31:31.710 LabApp] Saving file at /bead_motility.py
[I 21:31:36.841 LabApp] Kernel restarted: 68b5b2bb-6bba-49f2-873b-f5011463851a
[I 21:32:27.655 LabApp] Saving file at /2021_02_08_wave_bead_motility.ipynb
[I 21:33:12.743 LabApp] Saving file at /bead_motility.py
[I 21:33:22.901 LabApp] Kernel restarted: 68b5b2bb-6bba-49f2-873b-f5011463851a
[I 21:34:28.279 LabApp] Saving file at /2021_02_08_wave_bead_motility.ipynb
[I 21:36:28.345 LabApp] Saving file at /2021_02_08_wave_bead_motility.ipynb
[I 21:36:50.592 LabApp] Saving file at /bead_motility.py
[I 21:36:56.818 LabApp] Kernel restarted: 68b5b2bb-6bba-49f2-873b-f5011463851a
[I 21:38:28.458 LabApp] Saving file at /2021_02_08_wave_bead_motility.ipynb
[I 21:39:24.708 LabApp] Saving file at /bead_motility.py
[I 21:39:28.565 LabApp] Kernel interrupted: 68b5b2bb-6bba-49f2-873b-f5011463851a
[I 21:39:32.040 LabApp] Kernel restarted: 68b5b2bb-6bba-49f2-873b-f5011463851a
[I 21:40:28.514 LabApp] Saving file at /2021_02_08_wave_bead_motility.ipynb
[I 21:40:42.977 LabApp] Saving file at /bead_motility.py
[I 21:40:54.150 LabApp] Kernel restarted: 68b5b2bb-6bba-49f2-873b-f5011463851a
[I 21:40:54.164 LabApp] Kernel interrupted: 68b5b2bb-6bba-49f2-873b-f5011463851a
Fatal Python error: initsite: Failed to import the site module
Traceback (most recent call last):
  File "/home/jiongyi/anaconda3/lib/python3.7/site.py", line 579, in <module>
    main()
  File "/home/jiongyi/anaconda3/lib/python3.7/site.py", line 566, in main
    known_paths = addsitepackages(known_paths)
  File "/home/jiongyi/anaconda3/lib/python3.7/site.py", line 349, in addsitepackages
    addsitedir(sitedir, known_paths)
  File "/home/jiongyi/anaconda3/lib/python3.7/site.py", line 202, in addsitedir
    names = os.listdir(sitedir)
KeyboardInterrupt
[I 21:40:55.456 LabApp] Kernel restarted: 68b5b2bb-6bba-49f2-873b-f5011463851a
[I 21:41:03.516 LabApp] Kernel restarted: 68b5b2bb-6bba-49f2-873b-f5011463851a
[I 21:41:09.379 LabApp] Kernel interrupted: 68b5b2bb-6bba-49f2-873b-f5011463851a
[I 21:41:12.383 LabApp] Kernel restarted: 68b5b2bb-6bba-49f2-873b-f5011463851a
[I 21:41:23.577 LabApp] Saving file at /bead_motility.py
[I 21:41:27.933 LabApp] Kernel restarted: 68b5b2bb-6bba-49f2-873b-f5011463851a
[I 21:42:28.603 LabApp] Saving file at /2021_02_08_wave_bead_motility.ipynb
[I 21:42:59.237 LabApp] Saving file at /bead_motility.py
[I 21:43:06.357 LabApp] Kernel interrupted: 68b5b2bb-6bba-49f2-873b-f5011463851a
[I 21:43:08.713 LabApp] Kernel restarted: 68b5b2bb-6bba-49f2-873b-f5011463851a
[I 21:44:28.894 LabApp] Saving file at /2021_02_08_wave_bead_motility.ipynb
[I 21:46:28.957 LabApp] Saving file at /2021_02_08_wave_bead_motility.ipynb
[I 21:47:26.630 LabApp] Saving file at /bead_motility.py
[I 21:47:39.355 LabApp] Kernel restarted: 68b5b2bb-6bba-49f2-873b-f5011463851a
[I 21:48:29.277 LabApp] Saving file at /2021_02_08_wave_bead_motility.ipynb
[I 21:48:50.453 LabApp] Saving file at /bead_motility.py
[I 21:48:59.934 LabApp] Saving file at /bead_motility.py
[I 21:49:02.800 LabApp] Kernel interrupted: 68b5b2bb-6bba-49f2-873b-f5011463851a
[I 21:49:06.239 LabApp] Kernel restarted: 68b5b2bb-6bba-49f2-873b-f5011463851a
[I 21:49:59.188 LabApp] Saving file at /bead_motility.py
[I 21:50:06.002 LabApp] Saving file at /bead_motility.py
[I 21:50:08.244 LabApp] Kernel interrupted: 68b5b2bb-6bba-49f2-873b-f5011463851a
[I 21:50:10.826 LabApp] Kernel restarted: 68b5b2bb-6bba-49f2-873b-f5011463851a
[I 21:50:29.642 LabApp] Saving file at /2021_02_08_wave_bead_motility.ipynb
[I 21:52:03.526 LabApp] Saving file at /bead_motility.py
[I 21:52:07.414 LabApp] Kernel interrupted: 68b5b2bb-6bba-49f2-873b-f5011463851a
[I 21:52:10.397 LabApp] Kernel restarted: 68b5b2bb-6bba-49f2-873b-f5011463851a
[I 21:52:30.293 LabApp] Saving file at /2021_02_08_wave_bead_motility.ipynb
[I 21:53:39.636 LabApp] Saving file at /bead_motility.py
[I 21:54:30.354 LabApp] Saving file at /2021_02_08_wave_bead_motility.ipynb
[I 21:54:56.756 LabApp] Saving file at /bead_motility.py
[I 21:55:01.200 LabApp] Kernel interrupted: 68b5b2bb-6bba-49f2-873b-f5011463851a
[I 21:55:04.835 LabApp] Kernel restarted: 68b5b2bb-6bba-49f2-873b-f5011463851a
[I 21:56:22.206 LabApp] Saving file at /bead_motility.py
[I 21:56:31.201 LabApp] Kernel restarted: 68b5b2bb-6bba-49f2-873b-f5011463851a
Fatal Python error: initsite: Failed to import the site module
[I 21:56:31.218 LabApp] Kernel interrupted: 68b5b2bb-6bba-49f2-873b-f5011463851a
Traceback (most recent call last):
  File "/home/jiongyi/anaconda3/lib/python3.7/site.py", line 579, in <module>
    main()
  File "/home/jiongyi/anaconda3/lib/python3.7/site.py", line 566, in main
    known_paths = addsitepackages(known_paths)
  File "/home/jiongyi/anaconda3/lib/python3.7/site.py", line 349, in addsitepackages
    addsitedir(sitedir, known_paths)
  File "/home/jiongyi/anaconda3/lib/python3.7/site.py", line 207, in addsitedir
    addpackage(sitedir, name, known_paths)
  File "/home/jiongyi/anaconda3/lib/python3.7/site.py", line 168, in addpackage
    exec(line)
  File "<string>", line 1, in <module>
  File "/home/jiongyi/anaconda3/lib/python3.7/importlib/util.py", line 2, in <module>
    from . import abc
  File "/home/jiongyi/anaconda3/lib/python3.7/importlib/abc.py", line 4, in <module>
    from . import machinery
  File "/home/jiongyi/anaconda3/lib/python3.7/importlib/machinery.py", line 12, in <module>
    from ._bootstrap_external import PathFinder
  File "<frozen importlib._bootstrap>", line 1019, in _handle_fromlist
KeyboardInterrupt
[I 21:56:31.262 LabApp] Saving file at /2021_02_08_wave_bead_motility.ipynb
[I 21:56:33.557 LabApp] Kernel restarted: 68b5b2bb-6bba-49f2-873b-f5011463851a
[I 21:56:44.511 LabApp] Kernel interrupted: 68b5b2bb-6bba-49f2-873b-f5011463851a
[I 21:56:48.160 LabApp] Kernel restarted: 68b5b2bb-6bba-49f2-873b-f5011463851a
[I 21:57:00.112 LabApp] Kernel interrupted: 68b5b2bb-6bba-49f2-873b-f5011463851a
[I 21:57:01.403 LabApp] Kernel interrupted: 68b5b2bb-6bba-49f2-873b-f5011463851a
[I 21:57:05.489 LabApp] Kernel restarted: 68b5b2bb-6bba-49f2-873b-f5011463851a
[I 21:57:09.006 LabApp] Kernel restarted: 68b5b2bb-6bba-49f2-873b-f5011463851a
[I 21:58:32.152 LabApp] Saving file at /2021_02_08_wave_bead_motility.ipynb
[I 21:58:42.650 LabApp] Saving file at /bead_motility.py
[I 21:58:45.786 LabApp] Kernel interrupted: 68b5b2bb-6bba-49f2-873b-f5011463851a
[I 21:58:48.157 LabApp] Kernel interrupted: 68b5b2bb-6bba-49f2-873b-f5011463851a
[I 21:58:51.533 LabApp] Kernel restarted: 68b5b2bb-6bba-49f2-873b-f5011463851a
[I 21:59:24.273 LabApp] Saving file at /bead_motility.py
[I 21:59:28.114 LabApp] Kernel interrupted: 68b5b2bb-6bba-49f2-873b-f5011463851a
[I 21:59:32.681 LabApp] Kernel restarted: 68b5b2bb-6bba-49f2-873b-f5011463851a
[I 22:00:33.000 LabApp] Saving file at /2021_02_08_wave_bead_motility.ipynb
[I 22:02:33.063 LabApp] Saving file at /2021_02_08_wave_bead_motility.ipynb
[I 22:05:24.784 LabApp] Saving file at /bead_motility.py
[I 22:07:24.817 LabApp] Saving file at /bead_motility.py
[I 22:09:03.919 LabApp] Saving file at /bead_motility.py
[I 22:10:13.226 LabApp] Saving file at /bead_motility.py
[I 22:10:18.850 LabApp] Kernel restarted: 68b5b2bb-6bba-49f2-873b-f5011463851a
[I 22:10:33.769 LabApp] Saving file at /2021_02_08_wave_bead_motility.ipynb
[I 22:10:51.628 LabApp] Saving file at /bead_motility.py
[I 22:10:56.924 LabApp] Kernel restarted: 68b5b2bb-6bba-49f2-873b-f5011463851a
[I 22:11:27.297 LabApp] Saving file at /bead_motility.py
[I 22:11:30.781 LabApp] Kernel restarted: 68b5b2bb-6bba-49f2-873b-f5011463851a
[I 22:11:54.083 LabApp] Saving file at /bead_motility.py
[I 22:11:59.039 LabApp] Kernel restarted: 68b5b2bb-6bba-49f2-873b-f5011463851a
[I 22:12:16.194 LabApp] Saving file at /bead_motility.py
[I 22:12:20.844 LabApp] Kernel restarted: 68b5b2bb-6bba-49f2-873b-f5011463851a
[I 22:12:33.815 LabApp] Saving file at /2021_02_08_wave_bead_motility.ipynb
[I 22:13:27.981 LabApp] Kernel interrupted: 68b5b2bb-6bba-49f2-873b-f5011463851a
[I 22:13:54.415 LabApp] Saving file at /bead_motility.py
[I 22:13:59.611 LabApp] Kernel interrupted: 68b5b2bb-6bba-49f2-873b-f5011463851a
[I 22:14:03.339 LabApp] Kernel restarted: 68b5b2bb-6bba-49f2-873b-f5011463851a
[I 22:14:33.963 LabApp] Saving file at /2021_02_08_wave_bead_motility.ipynb
[I 22:14:35.716 LabApp] Kernel interrupted: 68b5b2bb-6bba-49f2-873b-f5011463851a
[I 22:15:05.130 LabApp] Saving file at /bead_motility.py
[I 22:15:24.926 LabApp] Saving file at /bead_motility.py
[I 22:15:30.997 LabApp] Kernel restarted: 68b5b2bb-6bba-49f2-873b-f5011463851a
[I 22:15:40.640 LabApp] Kernel interrupted: 68b5b2bb-6bba-49f2-873b-f5011463851a
[I 22:15:46.889 LabApp] Saving file at /bead_motility.py
[I 22:15:51.924 LabApp] Kernel restarted: 68b5b2bb-6bba-49f2-873b-f5011463851a
[I 22:16:34.170 LabApp] Saving file at /2021_02_08_wave_bead_motility.ipynb
[I 22:18:34.255 LabApp] Saving file at /2021_02_08_wave_bead_motility.ipynb
[I 22:32:01.161 LabApp] Saving file at /bead_motility.py
[I 22:32:06.851 LabApp] Kernel restarted: 68b5b2bb-6bba-49f2-873b-f5011463851a
[I 22:32:34.397 LabApp] Saving file at /2021_02_08_wave_bead_motility.ipynb
[I 22:32:45.479 LabApp] Saving file at /bead_motility.py
[I 22:32:57.873 LabApp] Saving file at /bead_motility.py
[I 22:33:00.933 LabApp] Kernel interrupted: 68b5b2bb-6bba-49f2-873b-f5011463851a
[I 22:33:04.139 LabApp] Kernel restarted: 68b5b2bb-6bba-49f2-873b-f5011463851a
[I 22:34:34.474 LabApp] Saving file at /2021_02_08_wave_bead_motility.ipynb
[I 22:36:34.578 LabApp] Saving file at /2021_02_08_wave_bead_motility.ipynb
[I 22:46:57.910 LabApp] Saving file at /bead_motility.py
[I 22:47:23.605 LabApp] Saving file at /bead_motility.py
[I 22:47:39.993 LabApp] Saving file at /bead_motility.py
[I 22:49:08.391 LabApp] Saving file at /bead_motility.py
[I 22:49:13.276 LabApp] Kernel restarted: 68b5b2bb-6bba-49f2-873b-f5011463851a
[I 22:49:25.962 LabApp] Kernel interrupted: 68b5b2bb-6bba-49f2-873b-f5011463851a
[I 22:49:44.779 LabApp] Saving file at /bead_motility.py
[I 22:49:50.849 LabApp] Kernel restarted: 68b5b2bb-6bba-49f2-873b-f5011463851a
[I 22:50:34.718 LabApp] Saving file at /2021_02_08_wave_bead_motility.ipynb
[I 22:52:34.797 LabApp] Saving file at /2021_02_08_wave_bead_motility.ipynb
[I 22:58:26.203 LabApp] Saving file at /bead_motility.py
[I 22:59:29.475 LabApp] Saving file at /bead_motility.py
[I 22:59:35.201 LabApp] Kernel restarted: 68b5b2bb-6bba-49f2-873b-f5011463851a
[I 23:00:34.917 LabApp] Saving file at /2021_02_08_wave_bead_motility.ipynb
[I 23:02:34.981 LabApp] Saving file at /2021_02_08_wave_bead_motility.ipynb
[I 23:09:21.893 LabApp] Saving file at /bead_motility.py
[I 23:09:41.958 LabApp] Saving file at /bead_motility.py
[I 23:09:46.691 LabApp] Kernel restarted: 68b5b2bb-6bba-49f2-873b-f5011463851a
[I 23:10:35.848 LabApp] Saving file at /2021_02_08_wave_bead_motility.ipynb
[I 23:12:35.911 LabApp] Saving file at /2021_02_08_wave_bead_motility.ipynb
[I 23:13:39.246 LabApp] Saving file at /bead_motility.py
[I 23:13:45.703 LabApp] Kernel restarted: 68b5b2bb-6bba-49f2-873b-f5011463851a
[I 23:14:35.994 LabApp] Saving file at /2021_02_08_wave_bead_motility.ipynb
[I 23:14:51.226 LabApp] Saving file at /bead_motility.py
[I 23:14:53.826 LabApp] Saving file at /bead_motility.py
[I 23:14:56.997 LabApp] Kernel interrupted: 68b5b2bb-6bba-49f2-873b-f5011463851a
[I 23:15:00.073 LabApp] Kernel restarted: 68b5b2bb-6bba-49f2-873b-f5011463851a
[I 23:16:16.200 LabApp] Saving file at /bead_motility.py
[I 23:16:20.748 LabApp] Kernel interrupted: 68b5b2bb-6bba-49f2-873b-f5011463851a
[I 23:16:23.001 LabApp] Kernel interrupted: 68b5b2bb-6bba-49f2-873b-f5011463851a
[I 23:16:26.279 LabApp] Kernel restarted: 68b5b2bb-6bba-49f2-873b-f5011463851a
[I 23:16:36.057 LabApp] Saving file at /2021_02_08_wave_bead_motility.ipynb
[I 23:18:36.124 LabApp] Saving file at /2021_02_08_wave_bead_motility.ipynb
[I 23:19:17.103 LabApp] Saving file at /bead_motility.py
[I 23:19:22.117 LabApp] Kernel restarted: 68b5b2bb-6bba-49f2-873b-f5011463851a
[I 23:20:36.221 LabApp] Saving file at /2021_02_08_wave_bead_motility.ipynb
[I 23:22:36.318 LabApp] Saving file at /2021_02_08_wave_bead_motility.ipynb
[I 23:23:17.143 LabApp] Saving file at /bead_motility.py
[I 23:25:17.183 LabApp] Saving file at /bead_motility.py
[I 23:27:17.216 LabApp] Saving file at /bead_motility.py
[I 23:27:56.115 LabApp] Saving file at /bead_motility.py
[I 23:28:02.605 LabApp] Kernel restarted: 68b5b2bb-6bba-49f2-873b-f5011463851a
[I 23:28:36.469 LabApp] Saving file at /2021_02_08_wave_bead_motility.ipynb
[I 23:30:36.524 LabApp] Saving file at /2021_02_08_wave_bead_motility.ipynb
[I 23:30:58.722 LabApp] Saving file at /bead_motility.py
[I 23:32:23.685 LabApp] Saving file at /bead_motility.py
[I 23:32:30.419 LabApp] Kernel restarted: 68b5b2bb-6bba-49f2-873b-f5011463851a
[I 23:32:36.592 LabApp] Saving file at /2021_02_08_wave_bead_motility.ipynb
[I 23:34:36.853 LabApp] Saving file at /2021_02_08_wave_bead_motility.ipynb
[I 23:38:44.109 LabApp] Saving file at /bead_motility.py
[I 23:39:06.569 LabApp] Saving file at /bead_motility.py
[I 23:39:11.660 LabApp] Kernel restarted: 68b5b2bb-6bba-49f2-873b-f5011463851a
[I 23:39:20.055 LabApp] Kernel interrupted: 68b5b2bb-6bba-49f2-873b-f5011463851a
[I 23:39:30.312 LabApp] Saving file at /bead_motility.py
[I 23:39:34.540 LabApp] Kernel restarted: 68b5b2bb-6bba-49f2-873b-f5011463851a
[I 23:40:37.028 LabApp] Saving file at /2021_02_08_wave_bead_motility.ipynb
[I 23:40:41.044 LabApp] Saving file at /bead_motility.py
[I 23:40:51.171 LabApp] Kernel restarted: 68b5b2bb-6bba-49f2-873b-f5011463851a
Fatal Python error: initsite: Failed to import the site module
[I 23:40:51.185 LabApp] Kernel interrupted: 68b5b2bb-6bba-49f2-873b-f5011463851a
Traceback (most recent call last):
  File "/home/jiongyi/anaconda3/lib/python3.7/site.py", line 73, in <module>
    import os
  File "/home/jiongyi/anaconda3/lib/python3.7/os.py", line 29, in <module>
    from _collections_abc import _check_methods
  File "<frozen importlib._bootstrap>", line 983, in _find_and_load
  File "<frozen importlib._bootstrap>", line 967, in _find_and_load_unlocked
  File "<frozen importlib._bootstrap>", line 677, in _load_unlocked
  File "<frozen importlib._bootstrap_external>", line 724, in exec_module
KeyboardInterrupt
[I 23:40:54.173 LabApp] KernelRestarter: restarting kernel (1/5), keep random ports
kernel 68b5b2bb-6bba-49f2-873b-f5011463851a restarted
[I 23:40:57.051 LabApp] Kernel interrupted: 68b5b2bb-6bba-49f2-873b-f5011463851a
[I 23:41:00.225 LabApp] Kernel restarted: 68b5b2bb-6bba-49f2-873b-f5011463851a
[I 23:41:33.353 LabApp] Saving file at /bead_motility.py
[I 23:41:36.118 LabApp] Kernel interrupted: 68b5b2bb-6bba-49f2-873b-f5011463851a
[I 23:41:38.853 LabApp] Kernel restarted: 68b5b2bb-6bba-49f2-873b-f5011463851a
[I 23:42:37.108 LabApp] Saving file at /2021_02_08_wave_bead_motility.ipynb
[I 23:43:16.896 LabApp] Saving file at /bead_motility.py
[I 23:43:20.077 LabApp] Kernel interrupted: 68b5b2bb-6bba-49f2-873b-f5011463851a
[I 23:43:21.806 LabApp] Kernel interrupted: 68b5b2bb-6bba-49f2-873b-f5011463851a
[I 23:43:26.104 LabApp] Kernel restarted: 68b5b2bb-6bba-49f2-873b-f5011463851a
[I 23:44:37.159 LabApp] Saving file at /2021_02_08_wave_bead_motility.ipynb
[I 23:46:37.595 LabApp] Saving file at /2021_02_08_wave_bead_motility.ipynb
[I 23:48:37.654 LabApp] Saving file at /2021_02_08_wave_bead_motility.ipynb
[I 23:48:47.293 LabApp] Saving file at /bead_motility.py
[I 23:49:06.875 LabApp] Saving file at /bead_motility.py
[I 23:49:11.375 LabApp] Saving file at /bead_motility.py
[I 23:49:18.527 LabApp] Kernel restarted: 68b5b2bb-6bba-49f2-873b-f5011463851a
[I 23:50:18.282 LabApp] Saving file at /bead_motility.py
[I 23:50:22.049 LabApp] Kernel interrupted: 68b5b2bb-6bba-49f2-873b-f5011463851a
[I 23:50:25.496 LabApp] Kernel restarted: 68b5b2bb-6bba-49f2-873b-f5011463851a
[I 23:50:37.744 LabApp] Saving file at /2021_02_08_wave_bead_motility.ipynb
[I 23:52:37.796 LabApp] Saving file at /2021_02_08_wave_bead_motility.ipynb
[I 23:53:01.867 LabApp] Saving file at /bead_motility.py
[I 23:53:49.561 LabApp] Kernel restarted: 68b5b2bb-6bba-49f2-873b-f5011463851a
[I 23:54:37.880 LabApp] Saving file at /2021_02_08_wave_bead_motility.ipynb
[I 23:56:37.930 LabApp] Saving file at /2021_02_08_wave_bead_motility.ipynb
[I 23:58:37.981 LabApp] Saving file at /2021_02_08_wave_bead_motility.ipynb
[I 23:58:40.682 LabApp] Saving file at /bead_motility.py
[I 23:58:43.948 LabApp] Saving file at /bead_motility.py
[I 23:58:46.310 LabApp] Saving file at /bead_motility.py
[I 23:59:25.414 LabApp] Saving file at /bead_motility.py
[I 23:59:34.486 LabApp] Kernel restarted: 68b5b2bb-6bba-49f2-873b-f5011463851a
[I 00:00:38.084 LabApp] Saving file at /2021_02_08_wave_bead_motility.ipynb
[I 00:02:14.719 LabApp] Saving file at /bead_motility.py
[I 00:02:36.560 LabApp] Saving file at /2021_02_08_wave_bead_motility.ipynb
[I 00:02:39.114 LabApp] Kernel interrupted: 68b5b2bb-6bba-49f2-873b-f5011463851a
[I 00:02:42.029 LabApp] Kernel restarted: 68b5b2bb-6bba-49f2-873b-f5011463851a
[I 00:04:37.435 LabApp] Saving file at /2021_02_08_wave_bead_motility.ipynb
[I 00:06:37.841 LabApp] Saving file at /2021_02_08_wave_bead_motility.ipynb
[I 00:08:37.919 LabApp] Saving file at /2021_02_08_wave_bead_motility.ipynb
[I 00:12:58.206 LabApp] Saving file at /2021_02_08_wave_bead_motility.ipynb
[I 00:13:02.264 LabApp] Kernel restarted: 68b5b2bb-6bba-49f2-873b-f5011463851a
[I 00:14:58.331 LabApp] Saving file at /2021_02_08_wave_bead_motility.ipynb
[I 00:16:58.403 LabApp] Saving file at /2021_02_08_wave_bead_motility.ipynb
[I 00:24:24.623 LabApp] Saving file at /bead_motility.py
[I 00:24:31.936 LabApp] Kernel restarted: 68b5b2bb-6bba-49f2-873b-f5011463851a
[I 00:24:58.489 LabApp] Saving file at /2021_02_08_wave_bead_motility.ipynb
[I 00:26:58.554 LabApp] Saving file at /2021_02_08_wave_bead_motility.ipynb
[I 00:29:43.851 LabApp] Saving file at /bead_motility.py
[I 00:30:03.199 LabApp] Saving file at /bead_motility.py
[I 00:30:10.052 LabApp] Kernel restarted: 68b5b2bb-6bba-49f2-873b-f5011463851a
[I 00:30:58.647 LabApp] Saving file at /2021_02_08_wave_bead_motility.ipynb
[I 00:32:58.700 LabApp] Saving file at /2021_02_08_wave_bead_motility.ipynb
[I 00:33:34.707 LabApp] Saving file at /bead_motility.py
[I 00:33:39.496 LabApp] Kernel interrupted: 68b5b2bb-6bba-49f2-873b-f5011463851a
[I 00:33:43.275 LabApp] Kernel restarted: 68b5b2bb-6bba-49f2-873b-f5011463851a
[I 00:34:58.752 LabApp] Saving file at /2021_02_08_wave_bead_motility.ipynb
[I 00:36:58.864 LabApp] Saving file at /2021_02_08_wave_bead_motility.ipynb
[I 00:38:58.931 LabApp] Saving file at /2021_02_08_wave_bead_motility.ipynb
[I 00:41:29.917 LabApp] Saving file at /bead_motility.py
[I 00:41:37.070 LabApp] Kernel restarted: 68b5b2bb-6bba-49f2-873b-f5011463851a
[I 00:42:59.028 LabApp] Saving file at /2021_02_08_wave_bead_motility.ipynb
[I 00:44:59.124 LabApp] Saving file at /2021_02_08_wave_bead_motility.ipynb
[I 00:46:59.192 LabApp] Saving file at /2021_02_08_wave_bead_motility.ipynb
[I 00:51:37.461 LabApp] Saving file at /2021_02_08_wave_bead_motility.ipynb
[I 00:51:41.148 LabApp] Kernel restarted: 68b5b2bb-6bba-49f2-873b-f5011463851a
[I 00:53:37.557 LabApp] Saving file at /2021_02_08_wave_bead_motility.ipynb
[I 00:55:37.611 LabApp] Saving file at /2021_02_08_wave_bead_motility.ipynb
[I 00:57:37.692 LabApp] Saving file at /2021_02_08_wave_bead_motility.ipynb
[I 00:58:09.453 LabApp] Saving file at /2021_02_08_wave_bead_motility.ipynb
[I 00:58:13.266 LabApp] Kernel restarted: 68b5b2bb-6bba-49f2-873b-f5011463851a
[I 01:00:09.582 LabApp] Saving file at /2021_02_08_wave_bead_motility.ipynb
[I 01:02:09.644 LabApp] Saving file at /2021_02_08_wave_bead_motility.ipynb
[I 01:04:09.712 LabApp] Saving file at /2021_02_08_wave_bead_motility.ipynb
[I 10:12:29.918 LabApp] Saving file at /2021_02_08_wave_bead_motility.ipynb
[I 10:12:39.973 LabApp] Kernel restarted: 68b5b2bb-6bba-49f2-873b-f5011463851a
[I 10:13:05.798 LabApp] Saving file at /2021_02_08_wave_bead_motility.ipynb
[I 10:13:10.930 LabApp] Kernel restarted: 68b5b2bb-6bba-49f2-873b-f5011463851a
[I 10:15:06.727 LabApp] Saving file at /2021_02_08_wave_bead_motility.ipynb
[I 10:17:07.197 LabApp] Saving file at /2021_02_08_wave_bead_motility.ipynb
[I 10:17:54.721 LabApp] Kernel interrupted: 68b5b2bb-6bba-49f2-873b-f5011463851a
[I 10:18:29.398 LabApp] Saving file at /2021_02_08_wave_bead_motility.ipynb
[I 10:18:29.472 LabApp] Saving file at /bead_motility.py
[I 10:18:34.146 LabApp] Shutting down on /api/shutdown request.
[I 10:18:34.149 LabApp] Shutting down 2 kernels
[I 10:18:34.953 LabApp] Kernel shutdown: 68b5b2bb-6bba-49f2-873b-f5011463851a
[I 10:18:36.556 LabApp] Kernel shutdown: b342f0d7-00bd-4676-b597-5b97c8ab82f6
[I 10:18:36.557 LabApp] Shutting down 0 terminals
[I 10:18:36.560 LabApp] KernelRestarter: restarting kernel (1/5), keep random ports
kernel 68b5b2bb-6bba-49f2-873b-f5011463851a restarted
